#
# There is insufficient memory for the Java Runtime Environment to continue.
# Native memory allocation (malloc) failed to allocate 2228016 bytes for Chunk::new
# Possible reasons:
#   The system is out of physical RAM or swap space
#   The process is running with CompressedOops enabled, and the Java Heap may be blocking the growth of the native heap
# Possible solutions:
#   Reduce memory load on the system
#   Increase physical memory or swap space
#   Check if swap backing store is full
#   Decrease Java heap size (-Xmx/-Xms)
#   Decrease number of Java threads
#   Decrease Java thread stack sizes (-Xss)
#   Set larger code cache with -XX:ReservedCodeCacheSize=
#   JVM is running with Unscaled Compressed Oops mode in which the Java heap is
#     placed in the first 4GB address space. The Java Heap base address is the
#     maximum limit for the native heap growth. Please use -XX:HeapBaseMinAddress
#     to set the Java Heap base and to place the Java Heap above 4GB virtual address.
# This output file may be truncated or incomplete.
#
#  Out of Memory Error (allocation.cpp:389), pid=840, tid=0x0000000000003720
#
# JRE version: OpenJDK Runtime Environment (8.0_212-b04) (build 1.8.0_212-release-1586-b04)
# Java VM: OpenJDK 64-Bit Server VM (25.212-b04 mixed mode windows-amd64 compressed oops)
# Failed to write core dump. Minidumps are not enabled by default on client versions of Windows
#

---------------  T H R E A D  ---------------

Current thread (0x0000000018d63800):  JavaThread "C2 CompilerThread2" daemon [_thread_in_native, id=14112, stack(0x0000000019830000,0x0000000019930000)]

Stack: [0x0000000019830000,0x0000000019930000]
[error occurred during error reporting (printing stack bounds), id 0xc0000005]

Native frames: (J=compiled Java code, j=interpreted, Vv=VM code, C=native code)


Current CompileTask:
C2:  66672 13398       4       com.android.tools.r8.dex.j::a (1022 bytes)


---------------  P R O C E S S  ---------------

Java Threads: ( => current thread )
  0x000000001c087800 JavaThread "ForkJoinPool-4-worker-0" daemon [_thread_blocked, id=2752, stack(0x000000002d2d0000,0x000000002d3d0000)]
  0x000000001c085000 JavaThread "ForkJoinPool-4-worker-7" daemon [_thread_blocked, id=16668, stack(0x000000002d1d0000,0x000000002d2d0000)]
  0x000000001c084800 JavaThread "ForkJoinPool-4-worker-6" daemon [_thread_blocked, id=2600, stack(0x000000002d0d0000,0x000000002d1d0000)]
  0x000000001c07d000 JavaThread "ForkJoinPool-4-worker-5" daemon [_thread_blocked, id=13336, stack(0x000000002cfd0000,0x000000002d0d0000)]
  0x000000001c07c000 JavaThread "ForkJoinPool-4-worker-4" daemon [_thread_blocked, id=2468, stack(0x000000002ced0000,0x000000002cfd0000)]
  0x000000001c083000 JavaThread "ForkJoinPool-4-worker-3" daemon [_thread_blocked, id=8636, stack(0x000000002c6b0000,0x000000002c7b0000)]
  0x000000001c082000 JavaThread "ForkJoinPool-4-worker-2" daemon [_thread_blocked, id=19140, stack(0x000000002a560000,0x000000002a660000)]
  0x000000001c07a800 JavaThread "ForkJoinPool-4-worker-1" daemon [_thread_blocked, id=2864, stack(0x0000000029f10000,0x000000002a010000)]
  0x000000001c081800 JavaThread "WorkerExecutor Queue Thread 8" [_thread_blocked, id=1380, stack(0x000000002c810000,0x000000002c910000)]
  0x000000001c07a000 JavaThread "WorkerExecutor Queue Thread 7" [_thread_blocked, id=9224, stack(0x000000002a180000,0x000000002a280000)]
  0x000000001c07b800 JavaThread "WorkerExecutor Queue Thread 6" [_thread_blocked, id=2004, stack(0x000000002a080000,0x000000002a180000)]
  0x000000001c07e800 JavaThread "WorkerExecutor Queue Thread 5" [_thread_blocked, id=11584, stack(0x0000000029850000,0x0000000029950000)]
  0x0000000025aac000 JavaThread "WorkerExecutor Queue Thread 4" [_thread_blocked, id=2936, stack(0x0000000029150000,0x0000000029250000)]
  0x0000000025aa1800 JavaThread "WorkerExecutor Queue Thread 3" [_thread_blocked, id=7192, stack(0x0000000027670000,0x0000000027770000)]
  0x0000000025aab000 JavaThread "Cache worker for Java compile cache (C:\Users\serhat\AndroidStudioProjects\200IQ\.gradle\5.6.4\javaCompile)" [_thread_blocked, id=12920, stack(0x0000000029050000,0x0000000029150000)]
  0x0000000025aa9800 JavaThread "stdout" [_thread_in_native, id=10300, stack(0x0000000028f50000,0x0000000029050000)]
  0x0000000025aa9000 JavaThread "stderr" [_thread_in_native, id=17612, stack(0x0000000028e50000,0x0000000028f50000)]
  0x0000000025aac800 JavaThread "pool-5-thread-1" [_thread_blocked, id=14828, stack(0x0000000028d50000,0x0000000028e50000)]
  0x0000000025aa8000 JavaThread "WorkerExecutor Queue" [_thread_in_Java, id=15312, stack(0x0000000027570000,0x0000000027670000)]
  0x0000000025aa0000 JavaThread "Cache worker for execution history cache (C:\Users\serhat\AndroidStudioProjects\200IQ\.gradle\5.6.4\executionHistory)" [_thread_blocked, id=17756, stack(0x0000000027470000,0x0000000027570000)]
  0x0000000025aa6800 JavaThread "Execution worker for ':' Thread 7" [_thread_blocked, id=18796, stack(0x0000000027370000,0x0000000027470000)]
  0x0000000025a9f000 JavaThread "Execution worker for ':' Thread 6" [_thread_blocked, id=13872, stack(0x0000000026f70000,0x0000000027070000)]
  0x0000000025aa6000 JavaThread "Execution worker for ':' Thread 5" [_thread_blocked, id=18516, stack(0x0000000026c70000,0x0000000026d70000)]
  0x0000000025aa5000 JavaThread "Execution worker for ':' Thread 4" [_thread_blocked, id=7064, stack(0x0000000026970000,0x0000000026a70000)]
  0x0000000025a9e800 JavaThread "Execution worker for ':' Thread 3" [_thread_blocked, id=1100, stack(0x0000000026870000,0x0000000026970000)]
  0x0000000025aa3000 JavaThread "Execution worker for ':' Thread 2" [_thread_blocked, id=9856, stack(0x0000000026770000,0x0000000026870000)]
  0x0000000025aa4800 JavaThread "Execution worker for ':'" [_thread_blocked, id=7188, stack(0x0000000026670000,0x0000000026770000)]
  0x0000000025aa2000 JavaThread "Cache worker for file content cache (C:\Users\serhat\AndroidStudioProjects\200IQ\.gradle\5.6.4\fileContent)" [_thread_blocked, id=2364, stack(0x0000000026570000,0x0000000026670000)]
  0x0000000025aa0800 JavaThread "Cache worker for Build Output Cleanup Cache (C:\Users\serhat\AndroidStudioProjects\200IQ\.gradle\buildOutputCleanup)" [_thread_blocked, id=15132, stack(0x0000000024c60000,0x0000000024d60000)]
  0x0000000025e7c000 JavaThread "pool-4-thread-1" [_thread_blocked, id=3732, stack(0x0000000023180000,0x0000000023280000)]
  0x0000000025e7a800 JavaThread "Build operations Thread 8" [_thread_blocked, id=12216, stack(0x0000000022c70000,0x0000000022d70000)]
  0x0000000025e7e800 JavaThread "Build operations Thread 7" [_thread_blocked, id=17288, stack(0x0000000022b70000,0x0000000022c70000)]
  0x0000000025e7b800 JavaThread "Build operations Thread 6" [_thread_blocked, id=14912, stack(0x0000000022a70000,0x0000000022b70000)]
  0x0000000025e7d800 JavaThread "Build operations Thread 5" [_thread_blocked, id=13368, stack(0x0000000022970000,0x0000000022a70000)]
  0x0000000025e7a000 JavaThread "Build operations Thread 4" [_thread_blocked, id=1904, stack(0x0000000022870000,0x0000000022970000)]
  0x0000000025e79000 JavaThread "Build operations Thread 3" [_thread_blocked, id=16224, stack(0x0000000022770000,0x0000000022870000)]
  0x0000000025e7d000 JavaThread "Build operations Thread 2" [_thread_blocked, id=10056, stack(0x0000000022670000,0x0000000022770000)]
  0x0000000025e71800 JavaThread "Build operations" [_thread_blocked, id=17672, stack(0x0000000022570000,0x0000000022670000)]
  0x0000000025e78800 JavaThread "Cache worker for cache directory md-rule (C:\Users\serhat\.gradle\caches\5.6.4\md-rule)" [_thread_blocked, id=11516, stack(0x00000000220b0000,0x00000000221b0000)]
  0x0000000025e75800 JavaThread "Cache worker for cache directory md-supplier (C:\Users\serhat\.gradle\caches\5.6.4\md-supplier)" [_thread_blocked, id=11688, stack(0x0000000020560000,0x0000000020660000)]
  0x0000000025e77800 JavaThread "Cache worker for file hash cache (C:\Users\serhat\AndroidStudioProjects\200IQ\.gradle\5.6.4\fileHashes)" [_thread_blocked, id=11820, stack(0x0000000020190000,0x0000000020290000)]
  0x0000000025e71000 JavaThread "Thread-52" [_thread_blocked, id=19032, stack(0x000000001fdf0000,0x000000001fef0000)]
  0x0000000025e74000 JavaThread "Stdin handler" [_thread_blocked, id=12808, stack(0x000000001d350000,0x000000001d450000)]
  0x0000000025e73000 JavaThread "Asynchronous log dispatcher for DefaultDaemonConnection: socket connection from /127.0.0.1:55359 to /127.0.0.1:55533" [_thread_blocked, id=19164, stack(0x0000000001510000,0x0000000001610000)]
  0x0000000025e77000 JavaThread "Cancel handler" [_thread_blocked, id=15784, stack(0x0000000001410000,0x0000000001510000)]
  0x0000000025e74800 JavaThread "Handler for socket connection from /127.0.0.1:55359 to /127.0.0.1:55533" [_thread_in_native, id=18228, stack(0x0000000001310000,0x0000000001410000)]
  0x0000000025aa7800 JavaThread "Cache worker for Java compile cache (C:\Users\serhat\.gradle\caches\5.6.4\javaCompile)" [_thread_blocked, id=8492, stack(0x0000000027070000,0x0000000027170000)]
  0x000000001c080000 JavaThread "Cache worker for file content cache (C:\Users\serhat\.gradle\caches\5.6.4\fileContent)" [_thread_blocked, id=12128, stack(0x0000000024b60000,0x0000000024c60000)]
  0x000000001c086800 JavaThread "Memory manager" [_thread_blocked, id=272, stack(0x0000000023480000,0x0000000023580000)]
  0x000000001c07d800 JavaThread "Cache worker for execution history cache (C:\Users\serhat\.gradle\caches\5.6.4\executionHistory)" [_thread_blocked, id=16756, stack(0x0000000022270000,0x0000000022370000)]
  0x0000000018d66000 JavaThread "Cache worker for journal cache (C:\Users\serhat\.gradle\caches\journal-1)" [_thread_blocked, id=16592, stack(0x000000001d950000,0x000000001da50000)]
  0x0000000018d65000 JavaThread "File lock request listener" [_thread_in_native, id=12768, stack(0x000000001d850000,0x000000001d950000)]
  0x000000001b7ef800 JavaThread "Cache worker for file hash cache (C:\Users\serhat\.gradle\caches\5.6.4\fileHashes)" [_thread_blocked, id=17168, stack(0x000000001d750000,0x000000001d850000)]
  0x000000001b757800 JavaThread "Daemon worker" [_thread_blocked, id=8188, stack(0x000000001d250000,0x000000001d350000)]
  0x000000001b684800 JavaThread "Daemon" [_thread_blocked, id=10256, stack(0x000000001cd50000,0x000000001ce50000)]
  0x000000001b67f000 JavaThread "Daemon periodic checks" [_thread_blocked, id=2972, stack(0x000000001cc50000,0x000000001cd50000)]
  0x000000001b667000 JavaThread "Incoming local TCP Connector on port 55359" [_thread_in_native, id=9196, stack(0x000000001ca10000,0x000000001cb10000)]
  0x0000000018ead800 JavaThread "Daemon health stats" [_thread_blocked, id=9148, stack(0x000000001c3d0000,0x000000001c4d0000)]
  0x0000000018df5800 JavaThread "Service Thread" daemon [_thread_blocked, id=9496, stack(0x0000000019a30000,0x0000000019b30000)]
  0x0000000018d64800 JavaThread "C1 CompilerThread3" daemon [_thread_blocked, id=8312, stack(0x0000000019930000,0x0000000019a30000)]
=>0x0000000018d63800 JavaThread "C2 CompilerThread2" daemon [_thread_in_native, id=14112, stack(0x0000000019830000,0x0000000019930000)]
  0x0000000018d5e800 JavaThread "C2 CompilerThread1" daemon [_thread_in_native, id=11484, stack(0x0000000019730000,0x0000000019830000)]
  0x0000000018d59000 JavaThread "C2 CompilerThread0" daemon [_thread_in_native, id=18960, stack(0x0000000019630000,0x0000000019730000)]
  0x0000000018d58000 JavaThread "Attach Listener" daemon [_thread_blocked, id=2768, stack(0x0000000019530000,0x0000000019630000)]
  0x0000000018d57000 JavaThread "Signal Dispatcher" daemon [_thread_blocked, id=8092, stack(0x0000000019430000,0x0000000019530000)]
  0x0000000003179800 JavaThread "Finalizer" daemon [_thread_blocked, id=2944, stack(0x0000000019230000,0x0000000019330000)]
  0x0000000003176800 JavaThread "Reference Handler" daemon [_thread_blocked, id=13348, stack(0x0000000019130000,0x0000000019230000)]
  0x000000000307e800 JavaThread "main" [_thread_blocked, id=2052, stack(0x0000000002f10000,0x0000000003010000)]

Other Threads:
  0x0000000016f36800 VMThread [stack: 0x0000000018c30000,0x0000000018d30000] [id=7692]
  0x0000000018dfa800 WatcherThread [stack: 0x0000000019b30000,0x0000000019c30000] [id=1660]

VM state:not at safepoint (normal execution)

VM Mutex/Monitor currently owned by a thread: None

heap address: 0x00000000a0000000, size: 1536 MB, Compressed Oops mode: 32-bit
Narrow klass base: 0x0000000000000000, Narrow klass shift: 3
Compressed class space size: 1073741824 Address: 0x0000000100000000

Heap:
 PSYoungGen      total 474624K, used 236988K [0x00000000e0000000, 0x0000000100000000, 0x0000000100000000)
  eden space 431104K, 44% used [0x00000000e0000000,0x00000000ebd30768,0x00000000fa500000)
  from space 43520K, 99% used [0x00000000fa500000,0x00000000fcf3eba0,0x00000000fcf80000)
  to   space 49664K, 0% used [0x00000000fcf80000,0x00000000fcf80000,0x0000000100000000)
 ParOldGen       total 208384K, used 106971K [0x00000000a0000000, 0x00000000acb80000, 0x00000000e0000000)
  object space 208384K, 51% used [0x00000000a0000000,0x00000000a6876df8,0x00000000acb80000)
 Metaspace       used 83829K, capacity 87135K, committed 87296K, reserved 1124352K
  class space    used 11222K, capacity 11903K, committed 12032K, reserved 1048576K

Card table byte_map: [0x0000000012540000,0x0000000012850000] byte_map_base: 0x0000000012040000

Marking Bits: (ParMarkBitMap*) 0x0000000058ab9f30
 Begin Bits: [0x0000000013250000, 0x0000000014a50000)
 End Bits:   [0x0000000014a50000, 0x0000000016250000)

Polling page: 0x0000000000de0000

CodeCache: size=245760Kb used=36168Kb max_used=36249Kb free=209591Kb
 bounds [0x0000000003180000, 0x0000000005550000, 0x0000000012180000]
 total_blobs=12088 nmethods=11223 adapters=777
 compilation: enabled

Compilation events (10 events):
Event: 66.610 Thread 0x0000000018d64800 13527       3       com.android.tools.r8.code.s::a (1 bytes)
Event: 66.610 Thread 0x0000000018d64800 nmethod 13527 0x0000000003bbcc50 code [0x0000000003bbcda0, 0x0000000003bbcef0]
Event: 66.610 Thread 0x0000000018d64800 13528       1       com.android.tools.r8.code.t1::a (1 bytes)
Event: 66.610 Thread 0x0000000018d64800 nmethod 13528 0x0000000003ef3290 code [0x0000000003ef33e0, 0x0000000003ef34f0]
Event: 66.620 Thread 0x0000000018d64800 13529       3       com.android.tools.r8.code.j0::a (1 bytes)
Event: 66.620 Thread 0x0000000018d64800 nmethod 13529 0x0000000004295690 code [0x00000000042957e0, 0x0000000004295930]
Event: 66.653 Thread 0x0000000018d64800 13530       3       com.android.tools.r8.code.e0::a (1 bytes)
Event: 66.653 Thread 0x0000000018d64800 nmethod 13530 0x000000000368d410 code [0x000000000368d560, 0x000000000368d6b0]
Event: 66.655 Thread 0x0000000018d64800 13531       3       com.android.tools.r8.code.n2::a (1 bytes)
Event: 66.656 Thread 0x0000000018d64800 nmethod 13531 0x0000000003b30810 code [0x0000000003b30960, 0x0000000003b30ab0]

GC Heap History (10 events):
Event: 13.764 GC heap before
{Heap before GC invocations=11 (full 2):
 PSYoungGen      total 432640K, used 33975K [0x00000000e0000000, 0x00000000fc800000, 0x0000000100000000)
  eden space 416768K, 4% used [0x00000000e0000000,0x00000000e11b2728,0x00000000f9700000)
  from space 15872K, 99% used [0x00000000fb180000,0x00000000fc0fb7b8,0x00000000fc100000)
  to   space 25088K, 0% used [0x00000000f9700000,0x00000000f9700000,0x00000000faf80000)
 ParOldGen       total 75264K, used 31598K [0x00000000a0000000, 0x00000000a4980000, 0x00000000e0000000)
  object space 75264K, 41% used [0x00000000a0000000,0x00000000a1edb908,0x00000000a4980000)
 Metaspace       used 57039K, capacity 59067K, committed 59160K, reserved 1099776K
  class space    used 7891K, capacity 8355K, committed 8448K, reserved 1048576K
Event: 13.782 GC heap after
Heap after GC invocations=11 (full 2):
 PSYoungGen      total 441856K, used 16613K [0x00000000e0000000, 0x0000000100000000, 0x0000000100000000)
  eden space 416768K, 0% used [0x00000000e0000000,0x00000000e0000000,0x00000000f9700000)
  from space 25088K, 66% used [0x00000000f9700000,0x00000000fa7397e8,0x00000000faf80000)
  to   space 25600K, 0% used [0x00000000fe700000,0x00000000fe700000,0x0000000100000000)
 ParOldGen       total 75264K, used 31606K [0x00000000a0000000, 0x00000000a4980000, 0x00000000e0000000)
  object space 75264K, 41% used [0x00000000a0000000,0x00000000a1edd908,0x00000000a4980000)
 Metaspace       used 57039K, capacity 59067K, committed 59160K, reserved 1099776K
  class space    used 7891K, capacity 8355K, committed 8448K, reserved 1048576K
}
Event: 13.782 GC heap before
{Heap before GC invocations=12 (full 3):
 PSYoungGen      total 441856K, used 16613K [0x00000000e0000000, 0x0000000100000000, 0x0000000100000000)
  eden space 416768K, 0% used [0x00000000e0000000,0x00000000e0000000,0x00000000f9700000)
  from space 25088K, 66% used [0x00000000f9700000,0x00000000fa7397e8,0x00000000faf80000)
  to   space 25600K, 0% used [0x00000000fe700000,0x00000000fe700000,0x0000000100000000)
 ParOldGen       total 75264K, used 31606K [0x00000000a0000000, 0x00000000a4980000, 0x00000000e0000000)
  object space 75264K, 41% used [0x00000000a0000000,0x00000000a1edd908,0x00000000a4980000)
 Metaspace       used 57039K, capacity 59067K, committed 59160K, reserved 1099776K
  class space    used 7891K, capacity 8355K, committed 8448K, reserved 1048576K
Event: 14.030 GC heap after
Heap after GC invocations=12 (full 3):
 PSYoungGen      total 441856K, used 0K [0x00000000e0000000, 0x0000000100000000, 0x0000000100000000)
  eden space 416768K, 0% used [0x00000000e0000000,0x00000000e0000000,0x00000000f9700000)
  from space 25088K, 0% used [0x00000000f9700000,0x00000000f9700000,0x00000000faf80000)
  to   space 25600K, 0% used [0x00000000fe700000,0x00000000fe700000,0x0000000100000000)
 ParOldGen       total 103936K, used 30707K [0x00000000a0000000, 0x00000000a6580000, 0x00000000e0000000)
  object space 103936K, 29% used [0x00000000a0000000,0x00000000a1dfcfa8,0x00000000a6580000)
 Metaspace       used 56952K, capacity 58815K, committed 59160K, reserved 1099776K
  class space    used 7864K, capacity 8307K, committed 8448K, reserved 1048576K
}
Event: 21.820 GC heap before
{Heap before GC invocations=13 (full 3):
 PSYoungGen      total 441856K, used 416768K [0x00000000e0000000, 0x0000000100000000, 0x0000000100000000)
  eden space 416768K, 100% used [0x00000000e0000000,0x00000000f9700000,0x00000000f9700000)
  from space 25088K, 0% used [0x00000000f9700000,0x00000000f9700000,0x00000000faf80000)
  to   space 25600K, 0% used [0x00000000fe700000,0x00000000fe700000,0x0000000100000000)
 ParOldGen       total 103936K, used 30707K [0x00000000a0000000, 0x00000000a6580000, 0x00000000e0000000)
  object space 103936K, 29% used [0x00000000a0000000,0x00000000a1dfcfa8,0x00000000a6580000)
 Metaspace       used 76636K, capacity 80091K, committed 80256K, reserved 1118208K
  class space    used 10578K, capacity 11273K, committed 11392K, reserved 1048576K
Event: 21.978 GC heap after
Heap after GC invocations=13 (full 3):
 PSYoungGen      total 456704K, used 25588K [0x00000000e0000000, 0x0000000100000000, 0x0000000100000000)
  eden space 431104K, 0% used [0x00000000e0000000,0x00000000e0000000,0x00000000fa500000)
  from space 25600K, 99% used [0x00000000fe700000,0x00000000ffffd150,0x0000000100000000)
  to   space 46592K, 0% used [0x00000000fa500000,0x00000000fa500000,0x00000000fd280000)
 ParOldGen       total 103936K, used 77212K [0x00000000a0000000, 0x00000000a6580000, 0x00000000e0000000)
  object space 103936K, 74% used [0x00000000a0000000,0x00000000a4b67210,0x00000000a6580000)
 Metaspace       used 76636K, capacity 80091K, committed 80256K, reserved 1118208K
  class space    used 10578K, capacity 11273K, committed 11392K, reserved 1048576K
}
Event: 21.978 GC heap before
{Heap before GC invocations=14 (full 4):
 PSYoungGen      total 456704K, used 25588K [0x00000000e0000000, 0x0000000100000000, 0x0000000100000000)
  eden space 431104K, 0% used [0x00000000e0000000,0x00000000e0000000,0x00000000fa500000)
  from space 25600K, 99% used [0x00000000fe700000,0x00000000ffffd150,0x0000000100000000)
  to   space 46592K, 0% used [0x00000000fa500000,0x00000000fa500000,0x00000000fd280000)
 ParOldGen       total 103936K, used 77212K [0x00000000a0000000, 0x00000000a6580000, 0x00000000e0000000)
  object space 103936K, 74% used [0x00000000a0000000,0x00000000a4b67210,0x00000000a6580000)
 Metaspace       used 76636K, capacity 80091K, committed 80256K, reserved 1118208K
  class space    used 10578K, capacity 11273K, committed 11392K, reserved 1048576K
Event: 23.104 GC heap after
Heap after GC invocations=14 (full 4):
 PSYoungGen      total 456704K, used 0K [0x00000000e0000000, 0x0000000100000000, 0x0000000100000000)
  eden space 431104K, 0% used [0x00000000e0000000,0x00000000e0000000,0x00000000fa500000)
  from space 25600K, 0% used [0x00000000fe700000,0x00000000fe700000,0x0000000100000000)
  to   space 46592K, 0% used [0x00000000fa500000,0x00000000fa500000,0x00000000fd280000)
 ParOldGen       total 208384K, used 100981K [0x00000000a0000000, 0x00000000acb80000, 0x00000000e0000000)
  object space 208384K, 48% used [0x00000000a0000000,0x00000000a629d610,0x00000000acb80000)
 Metaspace       used 76322K, capacity 79217K, committed 80256K, reserved 1118208K
  class space    used 10474K, capacity 11088K, committed 11392K, reserved 1048576K
}
Event: 64.375 GC heap before
{Heap before GC invocations=15 (full 4):
 PSYoungGen      total 456704K, used 431104K [0x00000000e0000000, 0x0000000100000000, 0x0000000100000000)
  eden space 431104K, 100% used [0x00000000e0000000,0x00000000fa500000,0x00000000fa500000)
  from space 25600K, 0% used [0x00000000fe700000,0x00000000fe700000,0x0000000100000000)
  to   space 46592K, 0% used [0x00000000fa500000,0x00000000fa500000,0x00000000fd280000)
 ParOldGen       total 208384K, used 100981K [0x00000000a0000000, 0x00000000acb80000, 0x00000000e0000000)
  object space 208384K, 48% used [0x00000000a0000000,0x00000000a629d610,0x00000000acb80000)
 Metaspace       used 83466K, capacity 86713K, committed 87040K, reserved 1124352K
  class space    used 11219K, capacity 11898K, committed 12032K, reserved 1048576K
Event: 64.423 GC heap after
Heap after GC invocations=15 (full 4):
 PSYoungGen      total 474624K, used 43258K [0x00000000e0000000, 0x0000000100000000, 0x0000000100000000)
  eden space 431104K, 0% used [0x00000000e0000000,0x00000000e0000000,0x00000000fa500000)
  from space 43520K, 99% used [0x00000000fa500000,0x00000000fcf3eba0,0x00000000fcf80000)
  to   space 49664K, 0% used [0x00000000fcf80000,0x00000000fcf80000,0x0000000100000000)
 ParOldGen       total 208384K, used 106971K [0x00000000a0000000, 0x00000000acb80000, 0x00000000e0000000)
  object space 208384K, 51% used [0x00000000a0000000,0x00000000a6876df8,0x00000000acb80000)
 Metaspace       used 83466K, capacity 86713K, committed 87040K, reserved 1124352K
  class space    used 11219K, capacity 11898K, committed 12032K, reserved 1048576K
}

Deoptimization events (10 events):
Event: 64.697 Thread 0x0000000025aa5000 Uncommon trap: reason=unstable_if action=reinterpret pc=0x0000000004867704 method=com.sun.tools.javac.code.Types$19.visitClassType(Lcom/sun/tools/javac/code/Type$ClassType;Ljava/lang/Void;)Lcom/sun/tools/javac/util/List; @ 22
Event: 65.020 Thread 0x000000001b757800 Uncommon trap: reason=predicate action=maybe_recompile pc=0x0000000005350540 method=java.util.ComparableTimSort.reverseRange([Ljava/lang/Object;II)V @ 8
Event: 65.111 Thread 0x0000000025aac000 Uncommon trap: reason=unstable_if action=reinterpret pc=0x0000000004e8c138 method=com.android.tools.r8.v.a.a.a.h.M.a(Ljava/lang/Object;I)I @ 130
Event: 65.111 Thread 0x0000000025aac000 Uncommon trap: reason=unstable_if action=reinterpret pc=0x0000000004e4aec4 method=com.android.tools.r8.v.a.a.a.h.M.a(Ljava/lang/Object;I)I @ 130
Event: 65.112 Thread 0x0000000025aac000 Uncommon trap: reason=unstable_if action=reinterpret pc=0x0000000004fce6d0 method=com.android.tools.r8.utils.I.a(Ljava/lang/String;Lcom/android/tools/r8/naming/b;)Ljava/lang/String; @ 9
Event: 65.112 Thread 0x0000000025aac000 Uncommon trap: reason=unstable_if action=reinterpret pc=0x0000000004ed038c method=com.android.tools.r8.utils.I.a(Ljava/lang/String;Lcom/android/tools/r8/naming/b;)Ljava/lang/String; @ 9
Event: 65.147 Thread 0x000000001b757800 Uncommon trap: reason=unstable_if action=reinterpret pc=0x00000000046c9284 method=java.util.concurrent.ConcurrentLinkedQueue.offer(Ljava/lang/Object;)Z @ 40
Event: 65.151 Thread 0x0000000025aa6800 Uncommon trap: reason=unstable_if action=reinterpret pc=0x000000000444d8ac method=java.util.concurrent.ConcurrentLinkedQueue.offer(Ljava/lang/Object;)Z @ 91
Event: 65.628 Thread 0x0000000025aa8000 Uncommon trap: reason=unstable_if action=reinterpret pc=0x0000000004ba33e0 method=com.android.tools.r8.dex.j.a()V @ 1414
Event: 66.370 Thread 0x0000000025aa8000 Uncommon trap: reason=null_check action=make_not_entrant pc=0x00000000054b77b4 method=com.android.tools.r8.s.a.b.h.a(Ljava/lang/Object;)V @ 71

Classes redefined (0 events):
No events

Internal exceptions (10 events):
Event: 30.343 Thread 0x000000001b684800 Exception <a 'java/lang/NoSuchMethodError': <clinit>> (0x00000000f25d5e90) thrown at [D:\src\AOSP-openjdk-cygwin\jdk8u\hotspot\src\share\vm\prims\jni.cpp, line 1614]
Event: 30.346 Thread 0x000000001b684800 Exception <a 'java/lang/NoSuchMethodError': <clinit>> (0x00000000f25efea0) thrown at [D:\src\AOSP-openjdk-cygwin\jdk8u\hotspot\src\share\vm\prims\jni.cpp, line 1614]
Event: 30.347 Thread 0x000000001b684800 Exception <a 'java/lang/NoSuchMethodError': <clinit>> (0x00000000f2600ac0) thrown at [D:\src\AOSP-openjdk-cygwin\jdk8u\hotspot\src\share\vm\prims\jni.cpp, line 1614]
Event: 61.535 Thread 0x000000001b757800 Implicit null exception at 0x0000000004c0e1ba to 0x0000000004c12f29
Event: 62.030 Thread 0x000000001b757800 Exception <a 'sun/nio/fs/WindowsException'> (0x00000000f4229888) thrown at [D:\src\AOSP-openjdk-cygwin\jdk8u\hotspot\src\share\vm\prims\jni.cpp, line 710]
Event: 64.317 Thread 0x0000000025aa8000 Exception <a 'sun/nio/fs/WindowsException'> (0x00000000f9c1cec0) thrown at [D:\src\AOSP-openjdk-cygwin\jdk8u\hotspot\src\share\vm\prims\jni.cpp, line 710]
Event: 64.318 Thread 0x0000000025aa8000 Exception <a 'sun/nio/fs/WindowsException'> (0x00000000f9c1d368) thrown at [D:\src\AOSP-openjdk-cygwin\jdk8u\hotspot\src\share\vm\prims\jni.cpp, line 710]
Event: 65.038 Thread 0x0000000025aac000 Exception <a 'sun/nio/fs/WindowsException'> (0x00000000e32cc550) thrown at [D:\src\AOSP-openjdk-cygwin\jdk8u\hotspot\src\share\vm\prims\jni.cpp, line 710]
Event: 65.117 Thread 0x0000000025aac000 Exception <a 'sun/nio/fs/WindowsException'> (0x00000000e35943a0) thrown at [D:\src\AOSP-openjdk-cygwin\jdk8u\hotspot\src\share\vm\prims\jni.cpp, line 710]
Event: 65.260 Thread 0x0000000025aa8000 Exception <a 'sun/nio/fs/WindowsException'> (0x00000000e420fdc8) thrown at [D:\src\AOSP-openjdk-cygwin\jdk8u\hotspot\src\share\vm\prims\jni.cpp, line 710]

Events (10 events):
Event: 66.430 Thread 0x0000000018d59000 flushing nmethod 0x000000000472ce10
Event: 66.431 Thread 0x0000000018d59000 flushing nmethod 0x00000000047a2750
Event: 66.434 Thread 0x0000000018d59000 flushing nmethod 0x00000000048e2190
Event: 66.435 Thread 0x0000000018d59000 flushing nmethod 0x0000000004929590
Event: 66.436 Executing VM operation: BulkRevokeBias
Event: 66.437 Executing VM operation: BulkRevokeBias done
Event: 66.439 Thread 0x0000000018d59000 flushing nmethod 0x00000000049be110
Event: 66.439 Thread 0x0000000018d59000 flushing nmethod 0x00000000049d4210
Event: 66.458 Thread 0x0000000018d59000 flushing nmethod 0x0000000004edc250
Event: 66.458 Thread 0x0000000018d59000 flushing nmethod 0x0000000004ff37d0


Dynamic libraries:
0x00007ff7e1f70000 - 0x00007ff7e1fa1000 	C:\Program Files\Android\Android Studio\jre\bin\java.exe
0x00007ffd31680000 - 0x00007ffd31870000 	C:\WINDOWS\SYSTEM32\ntdll.dll
0x00007ffd311d0000 - 0x00007ffd31282000 	C:\WINDOWS\System32\KERNEL32.DLL
0x00007ffd2e8e0000 - 0x00007ffd2eb83000 	C:\WINDOWS\System32\KERNELBASE.dll
0x00007ffd31470000 - 0x00007ffd31513000 	C:\WINDOWS\System32\ADVAPI32.dll
0x00007ffd2f730000 - 0x00007ffd2f7ce000 	C:\WINDOWS\System32\msvcrt.dll
0x00007ffd31130000 - 0x00007ffd311c7000 	C:\WINDOWS\System32\sechost.dll
0x00007ffd2fb00000 - 0x00007ffd2fc20000 	C:\WINDOWS\System32\RPCRT4.dll
0x00007ffd305b0000 - 0x00007ffd30744000 	C:\WINDOWS\System32\USER32.dll
0x00007ffd2f660000 - 0x00007ffd2f681000 	C:\WINDOWS\System32\win32u.dll
0x00007ffd313e0000 - 0x00007ffd31406000 	C:\WINDOWS\System32\GDI32.dll
0x00007ffd2ec90000 - 0x00007ffd2ee24000 	C:\WINDOWS\System32\gdi32full.dll
0x00007ffd2f690000 - 0x00007ffd2f72e000 	C:\WINDOWS\System32\msvcp_win.dll
0x00007ffd2eb90000 - 0x00007ffd2ec8a000 	C:\WINDOWS\System32\ucrtbase.dll
0x00007ffd19320000 - 0x00007ffd195a5000 	C:\WINDOWS\WinSxS\amd64_microsoft.windows.common-controls_6595b64144ccf1df_6.0.18362.720_none_e6beb5c51314836b\COMCTL32.dll
0x00007ffd30970000 - 0x00007ffd30ca6000 	C:\WINDOWS\System32\combase.dll
0x00007ffd2e800000 - 0x00007ffd2e880000 	C:\WINDOWS\System32\bcryptPrimitives.dll
0x00007ffd2fc20000 - 0x00007ffd2fc4e000 	C:\WINDOWS\System32\IMM32.DLL
0x0000000058130000 - 0x0000000058202000 	C:\Program Files\Android\Android Studio\jre\jre\bin\msvcr100.dll
0x00000000582f0000 - 0x0000000058b36000 	C:\Program Files\Android\Android Studio\jre\jre\bin\server\jvm.dll
0x00007ffd30470000 - 0x00007ffd30478000 	C:\WINDOWS\System32\PSAPI.DLL
0x00007ffd2b0a0000 - 0x00007ffd2b0c4000 	C:\WINDOWS\SYSTEM32\WINMM.dll
0x00007ffd27780000 - 0x00007ffd2778a000 	C:\WINDOWS\SYSTEM32\VERSION.dll
0x00007ffd16e80000 - 0x00007ffd16e89000 	C:\WINDOWS\SYSTEM32\WSOCK32.dll
0x00007ffd30750000 - 0x00007ffd307bf000 	C:\WINDOWS\System32\WS2_32.dll
0x00007ffd2b070000 - 0x00007ffd2b09d000 	C:\WINDOWS\SYSTEM32\WINMMBASE.dll
0x00007ffd2e630000 - 0x00007ffd2e67a000 	C:\WINDOWS\System32\cfgmgr32.dll
0x00007ffd26c60000 - 0x00007ffd26c6f000 	C:\Program Files\Android\Android Studio\jre\jre\bin\verify.dll
0x00007ffd1cdb0000 - 0x00007ffd1cdd9000 	C:\Program Files\Android\Android Studio\jre\jre\bin\java.dll
0x00007ffd246d0000 - 0x00007ffd246e6000 	C:\Program Files\Android\Android Studio\jre\jre\bin\zip.dll
0x00007ffd2fd20000 - 0x00007ffd30405000 	C:\WINDOWS\System32\SHELL32.dll
0x00007ffd30480000 - 0x00007ffd30529000 	C:\WINDOWS\System32\shcore.dll
0x00007ffd2eee0000 - 0x00007ffd2f660000 	C:\WINDOWS\System32\windows.storage.dll
0x00007ffd2e590000 - 0x00007ffd2e5b3000 	C:\WINDOWS\System32\profapi.dll
0x00007ffd2e5c0000 - 0x00007ffd2e60a000 	C:\WINDOWS\System32\powrprof.dll
0x00007ffd2e540000 - 0x00007ffd2e550000 	C:\WINDOWS\System32\UMPDC.dll
0x00007ffd2fa20000 - 0x00007ffd2fa72000 	C:\WINDOWS\System32\shlwapi.dll
0x00007ffd2e570000 - 0x00007ffd2e581000 	C:\WINDOWS\System32\kernel.appcore.dll
0x00007ffd2e610000 - 0x00007ffd2e627000 	C:\WINDOWS\System32\cryptsp.dll
0x00007ffd1dc70000 - 0x00007ffd1dc8a000 	C:\Program Files\Android\Android Studio\jre\jre\bin\net.dll
0x00007ffd1e770000 - 0x00007ffd1e945000 	C:\WINDOWS\SYSTEM32\urlmon.dll
0x00007ffd1ee50000 - 0x00007ffd1f0f6000 	C:\WINDOWS\SYSTEM32\iertutil.dll
0x00007ffd2df80000 - 0x00007ffd2df8c000 	C:\WINDOWS\SYSTEM32\CRYPTBASE.DLL
0x00007ffd2ddb0000 - 0x00007ffd2de17000 	C:\WINDOWS\system32\mswsock.dll
0x00007ffd1cd90000 - 0x00007ffd1cda3000 	C:\Program Files\Android\Android Studio\jre\jre\bin\nio.dll
0x00007ffd1ec40000 - 0x00007ffd1ec66000 	C:\Users\serhat\.gradle\native\30\windows-amd64\native-platform.dll
0x00007ffd269d0000 - 0x00007ffd269dd000 	C:\Program Files\Android\Android Studio\jre\jre\bin\management.dll
0x00007ffd2d920000 - 0x00007ffd2d953000 	C:\WINDOWS\system32\rsaenh.dll
0x00007ffd2e680000 - 0x00007ffd2e6a6000 	C:\WINDOWS\System32\bcrypt.dll
0x00007ffd2e460000 - 0x00007ffd2e485000 	C:\WINDOWS\SYSTEM32\USERENV.dll
0x00007ffd2dac0000 - 0x00007ffd2dafa000 	C:\WINDOWS\SYSTEM32\IPHLPAPI.DLL
0x00007ffd30cb0000 - 0x00007ffd30cb8000 	C:\WINDOWS\System32\NSI.dll
0x00007ffd25f20000 - 0x00007ffd25f36000 	C:\WINDOWS\SYSTEM32\dhcpcsvc6.DLL
0x00007ffd25ea0000 - 0x00007ffd25ebc000 	C:\WINDOWS\SYSTEM32\dhcpcsvc.DLL
0x00007ffd2db00000 - 0x00007ffd2dbca000 	C:\WINDOWS\SYSTEM32\DNSAPI.dll

VM Arguments:
jvm_args: -Xmx1536m -Dfile.encoding=windows-1252 -Duser.country=US -Duser.language=en -Duser.variant 
java_command: org.gradle.launcher.daemon.bootstrap.GradleDaemon 5.6.4
java_class_path (initial): C:\Users\serhat\.gradle\wrapper\dists\gradle-5.6.4-all\ankdp27end7byghfw1q2sw75f\gradle-5.6.4\lib\gradle-launcher-5.6.4.jar
Launcher Type: SUN_STANDARD

Environment Variables:
PATH=C:\Windows\system32;C:\Windows;C:\Windows\System32\Wbem;C:\Windows\System32\WindowsPowerShell\v1.0\;C:\Windows\System32\OpenSSH\;C:\Program Files (x86)\NVIDIA Corporation\PhysX\Common;C:\Program Files\NVIDIA Corporation\NVIDIA NvDLISR;C:\Program Files\dotnet\;C:\Program Files\Microsoft SQL Server\130\Tools\Binn\;C:\Program Files\Intel\WiFi\bin\;C:\Program Files\Common Files\Intel\WirelessCommon\;C:\Program Files\Git\cmd;C:\WINDOWS\system32;C:\WINDOWS;C:\WINDOWS\System32\Wbem;C:\WINDOWS\System32\WindowsPowerShell\v1.0\;C:\WINDOWS\System32\OpenSSH\;C:\Users\serhat\AppData\Local\Microsoft\WindowsApps;C:\Program Files\Intel\WiFi\bin\;C:\Program Files\Common Files\Intel\WirelessCommon\;
USERNAME=serhat
OS=Windows_NT
PROCESSOR_IDENTIFIER=Intel64 Family 6 Model 94 Stepping 3, GenuineIntel



---------------  S Y S T E M  ---------------

OS: Windows 10.0 , 64 bit Build 18362 (10.0.18362.329)

CPU:total 8 (initial active 8) (4 cores per cpu, 2 threads per core) family 6 model 94 stepping 3, cmov, cx8, fxsr, mmx, sse, sse2, sse3, ssse3, sse4.1, sse4.2, popcnt, avx, avx2, aes, clmul, erms, rtm, 3dnowpref, lzcnt, ht, tsc, tscinvbit, bmi1, bmi2, adx

Memory: 4k page, physical 8233060k(864140k free), swap 33398884k(3648k free)

vm_info: OpenJDK 64-Bit Server VM (25.212-b04) for windows-amd64 JRE (1.8.0_212-release-1586-b04), built by "builder" with MS VC++ 10.0 (VS2010)

time: Sun Mar 29 23:37:47 2020
timezone: Turkey Standard Time
elapsed time: 66 seconds (0d 0h 1m 6s)

