#
# There is insufficient memory for the Java Runtime Environment to continue.
# Native memory allocation (malloc) failed to allocate 770096 bytes for Chunk::new
# Possible reasons:
#   The system is out of physical RAM or swap space
#   The process is running with CompressedOops enabled, and the Java Heap may be blocking the growth of the native heap
# Possible solutions:
#   Reduce memory load on the system
#   Increase physical memory or swap space
#   Check if swap backing store is full
#   Decrease Java heap size (-Xmx/-Xms)
#   Decrease number of Java threads
#   Decrease Java thread stack sizes (-Xss)
#   Set larger code cache with -XX:ReservedCodeCacheSize=
#   JVM is running with Unscaled Compressed Oops mode in which the Java heap is
#     placed in the first 4GB address space. The Java Heap base address is the
#     maximum limit for the native heap growth. Please use -XX:HeapBaseMinAddress
#     to set the Java Heap base and to place the Java Heap above 4GB virtual address.
# This output file may be truncated or incomplete.
#
#  Out of Memory Error (allocation.cpp:389), pid=2112, tid=0x0000000000001e20
#
# JRE version: OpenJDK Runtime Environment (8.0_212-b04) (build 1.8.0_212-release-1586-b04)
# Java VM: OpenJDK 64-Bit Server VM (25.212-b04 mixed mode windows-amd64 compressed oops)
# Failed to write core dump. Minidumps are not enabled by default on client versions of Windows
#

---------------  T H R E A D  ---------------

Current thread (0x00000000183de000):  JavaThread "C2 CompilerThread1" daemon [_thread_in_native, id=7712, stack(0x0000000018db0000,0x0000000018eb0000)]

Stack: [0x0000000018db0000,0x0000000018eb0000]
[error occurred during error reporting (printing stack bounds), id 0xc0000005]

Native frames: (J=compiled Java code, j=interpreted, Vv=VM code, C=native code)


Current CompileTask:
C2:  18716 8866 %     4       com.android.tools.r8.dex.j::a @ 330 (1022 bytes)


---------------  P R O C E S S  ---------------

Java Threads: ( => current thread )
  0x000000001d58e000 JavaThread "ForkJoinPool-2-worker-0" daemon [_thread_in_Java, id=13824, stack(0x0000000028460000,0x0000000028560000)]
  0x000000001d58d000 JavaThread "ForkJoinPool-2-worker-7" daemon [_thread_blocked, id=12496, stack(0x0000000028360000,0x0000000028460000)]
  0x000000001d58e800 JavaThread "ForkJoinPool-2-worker-6" daemon [_thread_blocked, id=10264, stack(0x0000000028260000,0x0000000028360000)]
  0x000000001d591000 JavaThread "ForkJoinPool-2-worker-5" daemon [_thread_blocked, id=13524, stack(0x0000000028160000,0x0000000028260000)]
  0x000000001d591800 JavaThread "ForkJoinPool-2-worker-4" daemon [_thread_blocked, id=13184, stack(0x0000000028060000,0x0000000028160000)]
  0x000000001d58f800 JavaThread "ForkJoinPool-2-worker-3" daemon [_thread_blocked, id=14972, stack(0x0000000027f60000,0x0000000028060000)]
  0x000000001d592800 JavaThread "ForkJoinPool-2-worker-2" daemon [_thread_blocked, id=17636, stack(0x0000000027e60000,0x0000000027f60000)]
  0x000000001d594000 JavaThread "ForkJoinPool-2-worker-1" daemon [_thread_blocked, id=2240, stack(0x0000000027d60000,0x0000000027e60000)]
  0x000000001d593000 JavaThread "WorkerExecutor Queue Thread 6" [_thread_blocked, id=15640, stack(0x00000000276a0000,0x00000000277a0000)]
  0x000000001d58c800 JavaThread "WorkerExecutor Queue Thread 5" [_thread_blocked, id=19296, stack(0x0000000026fa0000,0x00000000270a0000)]
  0x000000001d58a000 JavaThread "WorkerExecutor Queue Thread 4" [_thread_blocked, id=1220, stack(0x0000000026ea0000,0x0000000026fa0000)]
  0x000000001d589800 JavaThread "WorkerExecutor Queue Thread 3" [_thread_blocked, id=7988, stack(0x0000000026da0000,0x0000000026ea0000)]
  0x000000001d588000 JavaThread "WorkerExecutor Queue Thread 2" [_thread_blocked, id=4836, stack(0x0000000026ca0000,0x0000000026da0000)]
  0x000000001d58b800 JavaThread "WorkerExecutor Queue" [_thread_blocked, id=15992, stack(0x0000000025320000,0x0000000025420000)]
  0x000000001d58b000 JavaThread "Cache worker for Java compile cache (C:\Users\serhat\AndroidStudioProjects\200IQ\.gradle\5.6.4\javaCompile)" [_thread_blocked, id=13288, stack(0x00000000269a0000,0x0000000026aa0000)]
  0x000000001d585000 JavaThread "Cache worker for Java compile cache (C:\Users\serhat\.gradle\caches\5.6.4\javaCompile)" [_thread_blocked, id=7476, stack(0x00000000255d0000,0x00000000256d0000)]
  0x000000001d588800 JavaThread "Cache worker for execution history cache (C:\Users\serhat\AndroidStudioProjects\200IQ\.gradle\5.6.4\executionHistory)" [_thread_blocked, id=7780, stack(0x00000000254d0000,0x00000000255d0000)]
  0x000000001d586800 JavaThread "Execution worker for ':' Thread 7" [_thread_blocked, id=18504, stack(0x0000000024e20000,0x0000000024f20000)]
  0x000000001d587000 JavaThread "Execution worker for ':' Thread 6" [_thread_blocked, id=12964, stack(0x0000000024d20000,0x0000000024e20000)]
  0x000000001d3ee800 JavaThread "Execution worker for ':' Thread 5" [_thread_blocked, id=19140, stack(0x0000000024c20000,0x0000000024d20000)]
  0x000000001d3ed800 JavaThread "Execution worker for ':' Thread 4" [_thread_blocked, id=2468, stack(0x0000000024b20000,0x0000000024c20000)]
  0x000000001d3ed000 JavaThread "Execution worker for ':' Thread 3" [_thread_blocked, id=5964, stack(0x0000000024a20000,0x0000000024b20000)]
  0x000000001d3ef800 JavaThread "Execution worker for ':' Thread 2" [_thread_blocked, id=12572, stack(0x00000000246f0000,0x00000000247f0000)]
  0x000000001d3ec000 JavaThread "Execution worker for ':'" [_thread_blocked, id=14844, stack(0x00000000245f0000,0x00000000246f0000)]
  0x000000001d3e4800 JavaThread "Cache worker for file content cache (C:\Users\serhat\AndroidStudioProjects\200IQ\.gradle\5.6.4\fileContent)" [_thread_blocked, id=10404, stack(0x00000000240f0000,0x00000000241f0000)]
  0x000000001d3e7800 JavaThread "Cache worker for file content cache (C:\Users\serhat\.gradle\caches\5.6.4\fileContent)" [_thread_blocked, id=16436, stack(0x0000000023ff0000,0x00000000240f0000)]
  0x000000001d3ea800 JavaThread "Memory manager" [_thread_blocked, id=18700, stack(0x00000000238d0000,0x00000000239d0000)]
  0x000000001d3ea000 JavaThread "Cache worker for Build Output Cleanup Cache (C:\Users\serhat\AndroidStudioProjects\200IQ\.gradle\buildOutputCleanup)" [_thread_blocked, id=18816, stack(0x00000000235d0000,0x00000000236d0000)]
  0x000000001d3eb800 JavaThread "pool-1-thread-1" [_thread_blocked, id=2776, stack(0x00000000232d0000,0x00000000233d0000)]
  0x000000001d3e5800 JavaThread "Build operations Thread 8" [_thread_blocked, id=16904, stack(0x00000000231d0000,0x00000000232d0000)]
  0x000000001d3e1800 JavaThread "Build operations Thread 7" [_thread_blocked, id=12920, stack(0x00000000230d0000,0x00000000231d0000)]
  0x000000001d3e4000 JavaThread "Build operations Thread 6" [_thread_blocked, id=13016, stack(0x0000000022fd0000,0x00000000230d0000)]
  0x000000001d3e6000 JavaThread "Build operations Thread 5" [_thread_blocked, id=14628, stack(0x0000000022ed0000,0x0000000022fd0000)]
  0x000000001d3e3000 JavaThread "Build operations Thread 4" [_thread_blocked, id=12924, stack(0x0000000022dd0000,0x0000000022ed0000)]
  0x000000001d3e7000 JavaThread "Build operations Thread 3" [_thread_blocked, id=18300, stack(0x0000000022cd0000,0x0000000022dd0000)]
  0x000000001d3e0000 JavaThread "Build operations Thread 2" [_thread_blocked, id=18556, stack(0x0000000022bd0000,0x0000000022cd0000)]
  0x000000001d3e1000 JavaThread "Build operations" [_thread_blocked, id=14616, stack(0x0000000022ad0000,0x0000000022bd0000)]
  0x000000001d3e2800 JavaThread "Cache worker for execution history cache (C:\Users\serhat\.gradle\caches\5.6.4\executionHistory)" [_thread_blocked, id=18888, stack(0x00000000213a0000,0x00000000214a0000)]
  0x000000001ae50000 JavaThread "Cache worker for cache directory md-rule (C:\Users\serhat\.gradle\caches\5.6.4\md-rule)" [_thread_blocked, id=19384, stack(0x00000000212a0000,0x00000000213a0000)]
  0x000000001ae4d800 JavaThread "Cache worker for cache directory md-supplier (C:\Users\serhat\.gradle\caches\5.6.4\md-supplier)" [_thread_blocked, id=5996, stack(0x00000000211a0000,0x00000000212a0000)]
  0x000000001ae54800 JavaThread "Cache worker for file hash cache (C:\Users\serhat\AndroidStudioProjects\200IQ\.gradle\5.6.4\fileHashes)" [_thread_blocked, id=18460, stack(0x000000001f8d0000,0x000000001f9d0000)]
  0x000000001ae52000 JavaThread "Cache worker for journal cache (C:\Users\serhat\.gradle\caches\journal-1)" [_thread_blocked, id=1736, stack(0x000000001cfd0000,0x000000001d0d0000)]
  0x000000001ae53000 JavaThread "File lock request listener" [_thread_in_native, id=12092, stack(0x000000001ced0000,0x000000001cfd0000)]
  0x000000001ae50800 JavaThread "Cache worker for file hash cache (C:\Users\serhat\.gradle\caches\5.6.4\fileHashes)" [_thread_blocked, id=15424, stack(0x000000001cdd0000,0x000000001ced0000)]
  0x000000001ad06000 JavaThread "Thread-9" [_thread_blocked, id=17264, stack(0x000000001ccd0000,0x000000001cdd0000)]
  0x000000001ad01000 JavaThread "Stdin handler" [_thread_blocked, id=12296, stack(0x000000001cbd0000,0x000000001ccd0000)]
  0x000000001ad13800 JavaThread "Asynchronous log dispatcher for DefaultDaemonConnection: socket connection from /127.0.0.1:55084 to /127.0.0.1:55085" [_thread_blocked, id=7112, stack(0x000000001c9d0000,0x000000001cad0000)]
  0x000000001acfe800 JavaThread "Daemon worker" [_thread_blocked, id=14484, stack(0x000000001c8d0000,0x000000001c9d0000)]
  0x000000001ad19000 JavaThread "Cancel handler" [_thread_blocked, id=5948, stack(0x000000001c7d0000,0x000000001c8d0000)]
  0x000000001ad6c800 JavaThread "Handler for socket connection from /127.0.0.1:55084 to /127.0.0.1:55085" [_thread_in_native, id=4644, stack(0x000000001c4d0000,0x000000001c5d0000)]
  0x000000001ad6a000 JavaThread "Daemon" [_thread_blocked, id=14816, stack(0x000000001c3d0000,0x000000001c4d0000)]
  0x000000001ad63800 JavaThread "Daemon periodic checks" [_thread_blocked, id=18752, stack(0x000000001c2d0000,0x000000001c3d0000)]
  0x000000001ace1000 JavaThread "Incoming local TCP Connector on port 55084" [_thread_in_native, id=12692, stack(0x000000001c090000,0x000000001c190000)]
  0x000000001851b000 JavaThread "Daemon health stats" [_thread_blocked, id=18652, stack(0x000000001ba50000,0x000000001bb50000)]
  0x0000000018480000 JavaThread "Service Thread" daemon [_thread_blocked, id=14620, stack(0x00000000190b0000,0x00000000191b0000)]
  0x0000000018449800 JavaThread "C1 CompilerThread3" daemon [_thread_blocked, id=13040, stack(0x0000000018fb0000,0x00000000190b0000)]
  0x0000000018439800 JavaThread "C2 CompilerThread2" daemon [_thread_in_native, id=14084, stack(0x0000000018eb0000,0x0000000018fb0000)]
=>0x00000000183de000 JavaThread "C2 CompilerThread1" daemon [_thread_in_native, id=7712, stack(0x0000000018db0000,0x0000000018eb0000)]
  0x00000000183db000 JavaThread "C2 CompilerThread0" daemon [_thread_in_native, id=4988, stack(0x0000000018cb0000,0x0000000018db0000)]
  0x00000000183da000 JavaThread "Attach Listener" daemon [_thread_blocked, id=19092, stack(0x0000000018bb0000,0x0000000018cb0000)]
  0x00000000183e5800 JavaThread "Signal Dispatcher" daemon [_thread_blocked, id=15772, stack(0x0000000018ab0000,0x0000000018bb0000)]
  0x000000000281d000 JavaThread "Finalizer" daemon [_thread_blocked, id=1276, stack(0x00000000188b0000,0x00000000189b0000)]
  0x00000000183d0800 JavaThread "Reference Handler" daemon [_thread_blocked, id=13392, stack(0x00000000187b0000,0x00000000188b0000)]
  0x000000000261e800 JavaThread "main" [_thread_blocked, id=4752, stack(0x0000000002620000,0x0000000002720000)]

Other Threads:
  0x00000000165d6000 VMThread [stack: 0x00000000182b0000,0x00000000183b0000] [id=13560]
  0x0000000018480800 WatcherThread [stack: 0x00000000191b0000,0x00000000192b0000] [id=5384]

VM state:not at safepoint (normal execution)

VM Mutex/Monitor currently owned by a thread: None

heap address: 0x00000000a0000000, size: 1536 MB, Compressed Oops mode: 32-bit
Narrow klass base: 0x0000000000000000, Narrow klass shift: 3
Compressed class space size: 1073741824 Address: 0x0000000100000000

Heap:
 PSYoungGen      total 260608K, used 99871K [0x00000000e0000000, 0x00000000f1a00000, 0x0000000100000000)
  eden space 247808K, 35% used [0x00000000e0000000,0x00000000e554a008,0x00000000ef200000)
  from space 12800K, 99% used [0x00000000f0d80000,0x00000000f19ff300,0x00000000f1a00000)
  to   space 15872K, 0% used [0x00000000efb00000,0x00000000efb00000,0x00000000f0a80000)
 ParOldGen       total 108544K, used 42946K [0x00000000a0000000, 0x00000000a6a00000, 0x00000000e0000000)
  object space 108544K, 39% used [0x00000000a0000000,0x00000000a29f0bc0,0x00000000a6a00000)
 Metaspace       used 72786K, capacity 76036K, committed 76120K, reserved 1114112K
  class space    used 10114K, capacity 10778K, committed 10840K, reserved 1048576K

Card table byte_map: [0x0000000011be0000,0x0000000011ef0000] byte_map_base: 0x00000000116e0000

Marking Bits: (ParMarkBitMap*) 0x0000000058ab9f30
 Begin Bits: [0x00000000128f0000, 0x00000000140f0000)
 End Bits:   [0x00000000140f0000, 0x00000000158f0000)

Polling page: 0x0000000000db0000

CodeCache: size=245760Kb used=24503Kb max_used=24503Kb free=221256Kb
 bounds [0x0000000002820000, 0x0000000004030000, 0x0000000011820000]
 total_blobs=8637 nmethods=7808 adapters=742
 compilation: enabled

Compilation events (10 events):
Event: 18.640 Thread 0x0000000018449800 9000       3       com.android.tools.r8.code.K0::<init> (28 bytes)
Event: 18.640 Thread 0x0000000018449800 nmethod 9000 0x0000000004024850 code [0x0000000004024a20, 0x00000000040250f8]
Event: 18.645 Thread 0x0000000018449800 9001       3       com.android.tools.r8.graph.E$b$a::hashCode (16 bytes)
Event: 18.646 Thread 0x0000000018449800 nmethod 9001 0x0000000004025490 code [0x0000000004025600, 0x0000000004025828]
Event: 18.688 Thread 0x0000000018449800 9006       3       com.android.tools.r8.code.P0::<init> (30 bytes)
Event: 18.689 Thread 0x0000000018449800 nmethod 9006 0x0000000004025910 code [0x0000000004025ae0, 0x0000000004026218]
Event: 18.696 Thread 0x0000000018449800 9007       3       com.android.tools.r8.code.M0::hashCode (21 bytes)
Event: 18.696 Thread 0x0000000018449800 nmethod 9007 0x0000000004026690 code [0x0000000004026800, 0x0000000004026ac8]
Event: 18.706 Thread 0x0000000018449800 9011       3       com.android.tools.r8.code.L0::hashCode (21 bytes)
Event: 18.706 Thread 0x0000000018449800 nmethod 9011 0x0000000004026b90 code [0x0000000004026d00, 0x0000000004026fc8]

GC Heap History (10 events):
Event: 9.423 GC heap before
{Heap before GC invocations=9 (full 2):
 PSYoungGen      total 263680K, used 10270K [0x00000000e0000000, 0x00000000f1a00000, 0x0000000100000000)
  eden space 247808K, 0% used [0x00000000e0000000,0x00000000e0000000,0x00000000ef200000)
  from space 15872K, 64% used [0x00000000efb00000,0x00000000f0507928,0x00000000f0a80000)
  to   space 12800K, 0% used [0x00000000f0d80000,0x00000000f0d80000,0x00000000f1a00000)
 ParOldGen       total 51712K, used 7273K [0x00000000a0000000, 0x00000000a3280000, 0x00000000e0000000)
  object space 51712K, 14% used [0x00000000a0000000,0x00000000a071a5e8,0x00000000a3280000)
 Metaspace       used 34578K, capacity 35412K, committed 35456K, reserved 1079296K
  class space    used 4754K, capacity 4967K, committed 4992K, reserved 1048576K
Event: 9.577 GC heap after
Heap after GC invocations=9 (full 2):
 PSYoungGen      total 263680K, used 0K [0x00000000e0000000, 0x00000000f1a00000, 0x0000000100000000)
  eden space 247808K, 0% used [0x00000000e0000000,0x00000000e0000000,0x00000000ef200000)
  from space 15872K, 0% used [0x00000000efb00000,0x00000000efb00000,0x00000000f0a80000)
  to   space 12800K, 0% used [0x00000000f0d80000,0x00000000f0d80000,0x00000000f1a00000)
 ParOldGen       total 74752K, used 16880K [0x00000000a0000000, 0x00000000a4900000, 0x00000000e0000000)
  object space 74752K, 22% used [0x00000000a0000000,0x00000000a107c350,0x00000000a4900000)
 Metaspace       used 34554K, capacity 35334K, committed 35456K, reserved 1079296K
  class space    used 4746K, capacity 4954K, committed 4992K, reserved 1048576K
}
Event: 14.024 GC heap before
{Heap before GC invocations=10 (full 2):
 PSYoungGen      total 263680K, used 247808K [0x00000000e0000000, 0x00000000f1a00000, 0x0000000100000000)
  eden space 247808K, 100% used [0x00000000e0000000,0x00000000ef200000,0x00000000ef200000)
  from space 15872K, 0% used [0x00000000efb00000,0x00000000efb00000,0x00000000f0a80000)
  to   space 12800K, 0% used [0x00000000f0d80000,0x00000000f0d80000,0x00000000f1a00000)
 ParOldGen       total 74752K, used 16880K [0x00000000a0000000, 0x00000000a4900000, 0x00000000e0000000)
  object space 74752K, 22% used [0x00000000a0000000,0x00000000a107c350,0x00000000a4900000)
 Metaspace       used 56152K, capacity 57912K, committed 58112K, reserved 1099776K
  class space    used 7729K, capacity 8129K, committed 8192K, reserved 1048576K
Event: 14.063 GC heap after
Heap after GC invocations=10 (full 2):
 PSYoungGen      total 260608K, used 12773K [0x00000000e0000000, 0x00000000f1a00000, 0x0000000100000000)
  eden space 247808K, 0% used [0x00000000e0000000,0x00000000e0000000,0x00000000ef200000)
  from space 12800K, 99% used [0x00000000f0d80000,0x00000000f19f97b8,0x00000000f1a00000)
  to   space 15872K, 0% used [0x00000000efb00000,0x00000000efb00000,0x00000000f0a80000)
 ParOldGen       total 74752K, used 33386K [0x00000000a0000000, 0x00000000a4900000, 0x00000000e0000000)
  object space 74752K, 44% used [0x00000000a0000000,0x00000000a209a920,0x00000000a4900000)
 Metaspace       used 56152K, capacity 57912K, committed 58112K, reserved 1099776K
  class space    used 7729K, capacity 8129K, committed 8192K, reserved 1048576K
}
Event: 14.260 GC heap before
{Heap before GC invocations=11 (full 2):
 PSYoungGen      total 260608K, used 38369K [0x00000000e0000000, 0x00000000f1a00000, 0x0000000100000000)
  eden space 247808K, 10% used [0x00000000e0000000,0x00000000e18fefc0,0x00000000ef200000)
  from space 12800K, 99% used [0x00000000f0d80000,0x00000000f19f97b8,0x00000000f1a00000)
  to   space 15872K, 0% used [0x00000000efb00000,0x00000000efb00000,0x00000000f0a80000)
 ParOldGen       total 74752K, used 33386K [0x00000000a0000000, 0x00000000a4900000, 0x00000000e0000000)
  object space 74752K, 44% used [0x00000000a0000000,0x00000000a209a920,0x00000000a4900000)
 Metaspace       used 57027K, capacity 59040K, committed 59096K, reserved 1099776K
  class space    used 7889K, capacity 8352K, committed 8408K, reserved 1048576K
Event: 14.275 GC heap after
Heap after GC invocations=11 (full 2):
 PSYoungGen      total 263680K, used 15000K [0x00000000e0000000, 0x00000000f1a00000, 0x0000000100000000)
  eden space 247808K, 0% used [0x00000000e0000000,0x00000000e0000000,0x00000000ef200000)
  from space 15872K, 94% used [0x00000000efb00000,0x00000000f09a61a0,0x00000000f0a80000)
  to   space 12800K, 0% used [0x00000000f0d80000,0x00000000f0d80000,0x00000000f1a00000)
 ParOldGen       total 74752K, used 33394K [0x00000000a0000000, 0x00000000a4900000, 0x00000000e0000000)
  object space 74752K, 44% used [0x00000000a0000000,0x00000000a209c920,0x00000000a4900000)
 Metaspace       used 57027K, capacity 59040K, committed 59096K, reserved 1099776K
  class space    used 7889K, capacity 8352K, committed 8408K, reserved 1048576K
}
Event: 14.275 GC heap before
{Heap before GC invocations=12 (full 3):
 PSYoungGen      total 263680K, used 15000K [0x00000000e0000000, 0x00000000f1a00000, 0x0000000100000000)
  eden space 247808K, 0% used [0x00000000e0000000,0x00000000e0000000,0x00000000ef200000)
  from space 15872K, 94% used [0x00000000efb00000,0x00000000f09a61a0,0x00000000f0a80000)
  to   space 12800K, 0% used [0x00000000f0d80000,0x00000000f0d80000,0x00000000f1a00000)
 ParOldGen       total 74752K, used 33394K [0x00000000a0000000, 0x00000000a4900000, 0x00000000e0000000)
  object space 74752K, 44% used [0x00000000a0000000,0x00000000a209c920,0x00000000a4900000)
 Metaspace       used 57027K, capacity 59040K, committed 59096K, reserved 1099776K
  class space    used 7889K, capacity 8352K, committed 8408K, reserved 1048576K
Event: 14.544 GC heap after
Heap after GC invocations=12 (full 3):
 PSYoungGen      total 263680K, used 0K [0x00000000e0000000, 0x00000000f1a00000, 0x0000000100000000)
  eden space 247808K, 0% used [0x00000000e0000000,0x00000000e0000000,0x00000000ef200000)
  from space 15872K, 0% used [0x00000000efb00000,0x00000000efb00000,0x00000000f0a80000)
  to   space 12800K, 0% used [0x00000000f0d80000,0x00000000f0d80000,0x00000000f1a00000)
 ParOldGen       total 108544K, used 30887K [0x00000000a0000000, 0x00000000a6a00000, 0x00000000e0000000)
  object space 108544K, 28% used [0x00000000a0000000,0x00000000a1e29df8,0x00000000a6a00000)
 Metaspace       used 56936K, capacity 58780K, committed 59096K, reserved 1099776K
  class space    used 7861K, capacity 8302K, committed 8408K, reserved 1048576K
}
Event: 18.076 GC heap before
{Heap before GC invocations=13 (full 3):
 PSYoungGen      total 263680K, used 247808K [0x00000000e0000000, 0x00000000f1a00000, 0x0000000100000000)
  eden space 247808K, 100% used [0x00000000e0000000,0x00000000ef200000,0x00000000ef200000)
  from space 15872K, 0% used [0x00000000efb00000,0x00000000efb00000,0x00000000f0a80000)
  to   space 12800K, 0% used [0x00000000f0d80000,0x00000000f0d80000,0x00000000f1a00000)
 ParOldGen       total 108544K, used 30887K [0x00000000a0000000, 0x00000000a6a00000, 0x00000000e0000000)
  object space 108544K, 28% used [0x00000000a0000000,0x00000000a1e29df8,0x00000000a6a00000)
 Metaspace       used 71718K, capacity 74808K, committed 74968K, reserved 1114112K
  class space    used 9948K, capacity 10612K, committed 10712K, reserved 1048576K
Event: 18.109 GC heap after
Heap after GC invocations=13 (full 3):
 PSYoungGen      total 260608K, used 12796K [0x00000000e0000000, 0x00000000f1a00000, 0x0000000100000000)
  eden space 247808K, 0% used [0x00000000e0000000,0x00000000e0000000,0x00000000ef200000)
  from space 12800K, 99% used [0x00000000f0d80000,0x00000000f19ff300,0x00000000f1a00000)
  to   space 15872K, 0% used [0x00000000efb00000,0x00000000efb00000,0x00000000f0a80000)
 ParOldGen       total 108544K, used 42946K [0x00000000a0000000, 0x00000000a6a00000, 0x00000000e0000000)
  object space 108544K, 39% used [0x00000000a0000000,0x00000000a29f0bc0,0x00000000a6a00000)
 Metaspace       used 71718K, capacity 74808K, committed 74968K, reserved 1114112K
  class space    used 9948K, capacity 10612K, committed 10712K, reserved 1048576K
}

Deoptimization events (10 events):
Event: 18.385 Thread 0x000000001d58c800 Uncommon trap: reason=unstable_if action=reinterpret pc=0x000000000369c0b8 method=com.android.tools.r8.s.a.b.m.a.m()Lcom/android/tools/r8/s/a/b/m/b; @ 6
Event: 18.385 Thread 0x000000001d58c800 Uncommon trap: reason=unstable_if action=reinterpret pc=0x0000000003090ce4 method=com.android.tools.r8.s.a.b.l.d.a(Ljava/lang/Object;Z)Lcom/android/tools/r8/s/a/b/l/f; @ 15
Event: 18.385 Thread 0x000000001d58c800 Uncommon trap: reason=unstable_if action=reinterpret pc=0x000000000324c35c method=com.android.tools.r8.s.a.b.l.d$c.hasNext()Z @ 11
Event: 18.388 Thread 0x000000001d58c800 Uncommon trap: reason=unstable_if action=reinterpret pc=0x0000000003c61110 method=com.android.tools.r8.dex.j.a()V @ 788
Event: 18.448 Thread 0x000000001d58e000 Uncommon trap: reason=unstable_if action=reinterpret pc=0x0000000003122bb0 method=java.util.Arrays.hashCode([Ljava/lang/Object;)I @ 1
Event: 18.448 Thread 0x000000001d58f800 Uncommon trap: reason=unstable_if action=reinterpret pc=0x0000000003122bb0 method=java.util.Arrays.hashCode([Ljava/lang/Object;)I @ 1
Event: 18.448 Thread 0x000000001d58e800 Uncommon trap: reason=unstable_if action=reinterpret pc=0x0000000003122bb0 method=java.util.Arrays.hashCode([Ljava/lang/Object;)I @ 1
Event: 18.454 Thread 0x000000001d58d000 Uncommon trap: reason=unstable_if action=reinterpret pc=0x00000000029a1cd0 method=java.util.concurrent.ConcurrentLinkedQueue.offer(Ljava/lang/Object;)Z @ 40
Event: 18.456 Thread 0x000000001d58d000 Uncommon trap: reason=unstable_if action=reinterpret pc=0x00000000031325ac method=java.util.concurrent.ConcurrentLinkedQueue.offer(Ljava/lang/Object;)Z @ 91
Event: 18.602 Thread 0x000000001d58e000 Uncommon trap: reason=unstable_if action=reinterpret pc=0x0000000003c86edc method=com.android.tools.r8.dex.j.j()Lcom/android/tools/r8/graph/DexValue; @ 39

Classes redefined (0 events):
No events

Internal exceptions (10 events):
Event: 17.284 Thread 0x000000001d589800 Exception <a 'sun/nio/fs/WindowsException'> (0x00000000ec526078) thrown at [D:\src\AOSP-openjdk-cygwin\jdk8u\hotspot\src\share\vm\prims\jni.cpp, line 710]
Event: 17.351 Thread 0x000000001d589800 Exception <a 'java/lang/NoSuchMethodError': java.lang.Object.lambda$identity$2(Ljava/lang/Object;)Ljava/lang/Object;> (0x00000000eccfd310) thrown at [D:\src\AOSP-openjdk-cygwin\jdk8u\hotspot\src\share\vm\interpreter\linkResolver.cpp, line 620]
Event: 17.621 Thread 0x000000001d589800 Exception <a 'java/lang/NoSuchMethodError': java.lang.Object.lambda$maxBy$1(Ljava/util/Comparator;Ljava/lang/Object;Ljava/lang/Object;)Ljava/lang/Object;> (0x00000000ed913020) thrown at [D:\src\AOSP-openjdk-cygwin\jdk8u\hotspot\src\share\vm\interpreter\li
Event: 17.863 Thread 0x000000001d589800 Exception <a 'sun/nio/fs/WindowsException'> (0x00000000ee1902b8) thrown at [D:\src\AOSP-openjdk-cygwin\jdk8u\hotspot\src\share\vm\prims\jni.cpp, line 710]
Event: 18.010 Thread 0x000000001d3ef800 Exception <a 'java/lang/NoSuchMethodError': <clinit>> (0x00000000ee9a7080) thrown at [D:\src\AOSP-openjdk-cygwin\jdk8u\hotspot\src\share\vm\prims\jni.cpp, line 1614]
Event: 18.011 Thread 0x000000001d3ef800 Exception <a 'java/lang/NoSuchMethodError': <clinit>> (0x00000000ee9bb4b0) thrown at [D:\src\AOSP-openjdk-cygwin\jdk8u\hotspot\src\share\vm\prims\jni.cpp, line 1614]
Event: 18.153 Thread 0x000000001d58c800 Exception <a 'sun/nio/fs/WindowsException'> (0x00000000e0dbdf78) thrown at [D:\src\AOSP-openjdk-cygwin\jdk8u\hotspot\src\share\vm\prims\jni.cpp, line 710]
Event: 18.448 Thread 0x000000001d58e800 Implicit null exception at 0x0000000003122aaf to 0x0000000003122ba1
Event: 18.448 Thread 0x000000001d58e000 Implicit null exception at 0x0000000003122aaf to 0x0000000003122ba1
Event: 18.448 Thread 0x000000001d58f800 Implicit null exception at 0x0000000003122aaf to 0x0000000003122ba1

Events (10 events):
Event: 18.468 loading class com/android/tools/r8/dex/j done
Event: 18.473 Executing VM operation: RevokeBias
Event: 18.473 Executing VM operation: RevokeBias done
Event: 18.474 loading class com/android/tools/r8/graph/DexDebugEvent$d
Event: 18.474 loading class com/android/tools/r8/graph/DexDebugEvent$d done
Event: 18.474 loading class com/android/tools/r8/graph/DexDebugEvent$d
Event: 18.474 loading class com/android/tools/r8/graph/DexDebugEvent$d done
Event: 18.602 Thread 0x000000001d58e000 Uncommon trap: trap_request=0xffffff65 fr.pc=0x0000000003c86edc
Event: 18.602 Thread 0x000000001d58e000 DEOPT PACKING pc=0x0000000003c86edc sp=0x000000002855ef60
Event: 18.602 Thread 0x000000001d58e000 DEOPT UNPACKING pc=0x000000000286557b sp=0x000000002855ef18 mode 2


Dynamic libraries:
0x00007ff7e1f70000 - 0x00007ff7e1fa1000 	C:\Program Files\Android\Android Studio\jre\bin\java.exe
0x00007ffd31680000 - 0x00007ffd31870000 	C:\WINDOWS\SYSTEM32\ntdll.dll
0x00007ffd311d0000 - 0x00007ffd31282000 	C:\WINDOWS\System32\KERNEL32.DLL
0x00007ffd2e8e0000 - 0x00007ffd2eb83000 	C:\WINDOWS\System32\KERNELBASE.dll
0x00007ffd31470000 - 0x00007ffd31513000 	C:\WINDOWS\System32\ADVAPI32.dll
0x00007ffd2f730000 - 0x00007ffd2f7ce000 	C:\WINDOWS\System32\msvcrt.dll
0x00007ffd31130000 - 0x00007ffd311c7000 	C:\WINDOWS\System32\sechost.dll
0x00007ffd2fb00000 - 0x00007ffd2fc20000 	C:\WINDOWS\System32\RPCRT4.dll
0x00007ffd305b0000 - 0x00007ffd30744000 	C:\WINDOWS\System32\USER32.dll
0x00007ffd2f660000 - 0x00007ffd2f681000 	C:\WINDOWS\System32\win32u.dll
0x00007ffd313e0000 - 0x00007ffd31406000 	C:\WINDOWS\System32\GDI32.dll
0x00007ffd2ec90000 - 0x00007ffd2ee24000 	C:\WINDOWS\System32\gdi32full.dll
0x00007ffd2f690000 - 0x00007ffd2f72e000 	C:\WINDOWS\System32\msvcp_win.dll
0x00007ffd2eb90000 - 0x00007ffd2ec8a000 	C:\WINDOWS\System32\ucrtbase.dll
0x00007ffd19320000 - 0x00007ffd195a5000 	C:\WINDOWS\WinSxS\amd64_microsoft.windows.common-controls_6595b64144ccf1df_6.0.18362.720_none_e6beb5c51314836b\COMCTL32.dll
0x00007ffd30970000 - 0x00007ffd30ca6000 	C:\WINDOWS\System32\combase.dll
0x00007ffd2e800000 - 0x00007ffd2e880000 	C:\WINDOWS\System32\bcryptPrimitives.dll
0x00007ffd2fc20000 - 0x00007ffd2fc4e000 	C:\WINDOWS\System32\IMM32.DLL
0x0000000058110000 - 0x00000000581e2000 	C:\Program Files\Android\Android Studio\jre\jre\bin\msvcr100.dll
0x00000000582f0000 - 0x0000000058b36000 	C:\Program Files\Android\Android Studio\jre\jre\bin\server\jvm.dll
0x00007ffd30470000 - 0x00007ffd30478000 	C:\WINDOWS\System32\PSAPI.DLL
0x00007ffd27780000 - 0x00007ffd2778a000 	C:\WINDOWS\SYSTEM32\VERSION.dll
0x00007ffd2b0a0000 - 0x00007ffd2b0c4000 	C:\WINDOWS\SYSTEM32\WINMM.dll
0x00007ffd2b070000 - 0x00007ffd2b09d000 	C:\WINDOWS\SYSTEM32\WINMMBASE.dll
0x00007ffd16e80000 - 0x00007ffd16e89000 	C:\WINDOWS\SYSTEM32\WSOCK32.dll
0x00007ffd2e630000 - 0x00007ffd2e67a000 	C:\WINDOWS\System32\cfgmgr32.dll
0x00007ffd30750000 - 0x00007ffd307bf000 	C:\WINDOWS\System32\WS2_32.dll
0x00007ffd26c60000 - 0x00007ffd26c6f000 	C:\Program Files\Android\Android Studio\jre\jre\bin\verify.dll
0x00007ffd1cdb0000 - 0x00007ffd1cdd9000 	C:\Program Files\Android\Android Studio\jre\jre\bin\java.dll
0x00007ffd246d0000 - 0x00007ffd246e6000 	C:\Program Files\Android\Android Studio\jre\jre\bin\zip.dll
0x00007ffd2fd20000 - 0x00007ffd30405000 	C:\WINDOWS\System32\SHELL32.dll
0x00007ffd30480000 - 0x00007ffd30529000 	C:\WINDOWS\System32\shcore.dll
0x00007ffd2eee0000 - 0x00007ffd2f660000 	C:\WINDOWS\System32\windows.storage.dll
0x00007ffd2e590000 - 0x00007ffd2e5b3000 	C:\WINDOWS\System32\profapi.dll
0x00007ffd2e5c0000 - 0x00007ffd2e60a000 	C:\WINDOWS\System32\powrprof.dll
0x00007ffd2e540000 - 0x00007ffd2e550000 	C:\WINDOWS\System32\UMPDC.dll
0x00007ffd2fa20000 - 0x00007ffd2fa72000 	C:\WINDOWS\System32\shlwapi.dll
0x00007ffd2e570000 - 0x00007ffd2e581000 	C:\WINDOWS\System32\kernel.appcore.dll
0x00007ffd2e610000 - 0x00007ffd2e627000 	C:\WINDOWS\System32\cryptsp.dll
0x00007ffd1dc70000 - 0x00007ffd1dc8a000 	C:\Program Files\Android\Android Studio\jre\jre\bin\net.dll
0x00007ffd1e770000 - 0x00007ffd1e945000 	C:\WINDOWS\SYSTEM32\urlmon.dll
0x00007ffd1ee50000 - 0x00007ffd1f0f6000 	C:\WINDOWS\SYSTEM32\iertutil.dll
0x00007ffd2df80000 - 0x00007ffd2df8c000 	C:\WINDOWS\SYSTEM32\CRYPTBASE.DLL
0x00007ffd2ddb0000 - 0x00007ffd2de17000 	C:\WINDOWS\system32\mswsock.dll
0x00007ffd1cd90000 - 0x00007ffd1cda3000 	C:\Program Files\Android\Android Studio\jre\jre\bin\nio.dll
0x00007ffd1ec40000 - 0x00007ffd1ec66000 	C:\Users\serhat\.gradle\native\30\windows-amd64\native-platform.dll
0x00007ffd269d0000 - 0x00007ffd269dd000 	C:\Program Files\Android\Android Studio\jre\jre\bin\management.dll
0x00007ffd2d920000 - 0x00007ffd2d953000 	C:\WINDOWS\system32\rsaenh.dll
0x00007ffd2e680000 - 0x00007ffd2e6a6000 	C:\WINDOWS\System32\bcrypt.dll
0x00007ffd2e460000 - 0x00007ffd2e485000 	C:\WINDOWS\SYSTEM32\USERENV.dll
0x00007ffd2dac0000 - 0x00007ffd2dafa000 	C:\WINDOWS\SYSTEM32\IPHLPAPI.DLL
0x00007ffd30cb0000 - 0x00007ffd30cb8000 	C:\WINDOWS\System32\NSI.dll
0x00007ffd25f20000 - 0x00007ffd25f36000 	C:\WINDOWS\SYSTEM32\dhcpcsvc6.DLL
0x00007ffd25ea0000 - 0x00007ffd25ebc000 	C:\WINDOWS\SYSTEM32\dhcpcsvc.DLL
0x00007ffd2db00000 - 0x00007ffd2dbca000 	C:\WINDOWS\SYSTEM32\DNSAPI.dll

VM Arguments:
jvm_args: -Xmx1536m -Dfile.encoding=windows-1252 -Duser.country=US -Duser.language=en -Duser.variant 
java_command: org.gradle.launcher.daemon.bootstrap.GradleDaemon 5.6.4
java_class_path (initial): C:\Users\serhat\.gradle\wrapper\dists\gradle-5.6.4-all\ankdp27end7byghfw1q2sw75f\gradle-5.6.4\lib\gradle-launcher-5.6.4.jar
Launcher Type: SUN_STANDARD

Environment Variables:
PATH=C:\Windows\system32;C:\Windows;C:\Windows\System32\Wbem;C:\Windows\System32\WindowsPowerShell\v1.0\;C:\Windows\System32\OpenSSH\;C:\Program Files (x86)\NVIDIA Corporation\PhysX\Common;C:\Program Files\NVIDIA Corporation\NVIDIA NvDLISR;C:\Program Files\dotnet\;C:\Program Files\Microsoft SQL Server\130\Tools\Binn\;C:\Program Files\Intel\WiFi\bin\;C:\Program Files\Common Files\Intel\WirelessCommon\;C:\Program Files\Git\cmd;C:\WINDOWS\system32;C:\WINDOWS;C:\WINDOWS\System32\Wbem;C:\WINDOWS\System32\WindowsPowerShell\v1.0\;C:\WINDOWS\System32\OpenSSH\;C:\Users\serhat\AppData\Local\Microsoft\WindowsApps;C:\Program Files\Intel\WiFi\bin\;C:\Program Files\Common Files\Intel\WirelessCommon\;
USERNAME=serhat
OS=Windows_NT
PROCESSOR_IDENTIFIER=Intel64 Family 6 Model 94 Stepping 3, GenuineIntel



---------------  S Y S T E M  ---------------

OS: Windows 10.0 , 64 bit Build 18362 (10.0.18362.329)

CPU:total 8 (initial active 8) (4 cores per cpu, 2 threads per core) family 6 model 94 stepping 3, cmov, cx8, fxsr, mmx, sse, sse2, sse3, ssse3, sse4.1, sse4.2, popcnt, avx, avx2, aes, clmul, erms, rtm, 3dnowpref, lzcnt, ht, tsc, tscinvbit, bmi1, bmi2, adx

Memory: 4k page, physical 8233060k(601048k free), swap 33398884k(5148k free)

vm_info: OpenJDK 64-Bit Server VM (25.212-b04) for windows-amd64 JRE (1.8.0_212-release-1586-b04), built by "builder" with MS VC++ 10.0 (VS2010)

time: Sun Mar 29 23:27:53 2020
timezone: Turkey Standard Time
elapsed time: 18 seconds (0d 0h 0m 18s)

