#
# There is insufficient memory for the Java Runtime Environment to continue.
# Native memory allocation (malloc) failed to allocate 2329136 bytes for Chunk::new
# Possible reasons:
#   The system is out of physical RAM or swap space
#   The process is running with CompressedOops enabled, and the Java Heap may be blocking the growth of the native heap
# Possible solutions:
#   Reduce memory load on the system
#   Increase physical memory or swap space
#   Check if swap backing store is full
#   Decrease Java heap size (-Xmx/-Xms)
#   Decrease number of Java threads
#   Decrease Java thread stack sizes (-Xss)
#   Set larger code cache with -XX:ReservedCodeCacheSize=
#   JVM is running with Unscaled Compressed Oops mode in which the Java heap is
#     placed in the first 4GB address space. The Java Heap base address is the
#     maximum limit for the native heap growth. Please use -XX:HeapBaseMinAddress
#     to set the Java Heap base and to place the Java Heap above 4GB virtual address.
# This output file may be truncated or incomplete.
#
#  Out of Memory Error (allocation.cpp:389), pid=10264, tid=0x0000000000003454
#
# JRE version: OpenJDK Runtime Environment (8.0_212-b04) (build 1.8.0_212-release-1586-b04)
# Java VM: OpenJDK 64-Bit Server VM (25.212-b04 mixed mode windows-amd64 compressed oops)
# Failed to write core dump. Minidumps are not enabled by default on client versions of Windows
#

---------------  T H R E A D  ---------------

Current thread (0x0000000018799000):  JavaThread "C2 CompilerThread2" daemon [_thread_in_native, id=13396, stack(0x0000000019260000,0x0000000019360000)]

Stack: [0x0000000019260000,0x0000000019360000]
[error occurred during error reporting (printing stack bounds), id 0xc0000005]

Native frames: (J=compiled Java code, j=interpreted, Vv=VM code, C=native code)


Current CompileTask:
C2:   3523 1407       4       java.net.URLClassLoader$1::run (5 bytes)


---------------  P R O C E S S  ---------------

Java Threads: ( => current thread )
  0x00000000187a0800 JavaThread "Cache worker for file hash cache (C:\Users\serhat\AndroidStudioProjects\200IQ\.gradle\5.6.4\fileHashes)" [_thread_blocked, id=15196, stack(0x000000001f820000,0x000000001f920000)]
  0x000000001879f000 JavaThread "Cache worker for journal cache (C:\Users\serhat\.gradle\caches\journal-1)" [_thread_blocked, id=6464, stack(0x000000001d380000,0x000000001d480000)]
  0x00000000187a4000 JavaThread "File lock request listener" [_thread_in_native, id=17276, stack(0x000000001d280000,0x000000001d380000)]
  0x00000000187a3000 JavaThread "Cache worker for file hash cache (C:\Users\serhat\.gradle\caches\5.6.4\fileHashes)" [_thread_blocked, id=17584, stack(0x000000001d180000,0x000000001d280000)]
  0x000000001b138800 JavaThread "Thread-9" [_thread_blocked, id=8064, stack(0x000000001d080000,0x000000001d180000)]
  0x000000001b120800 JavaThread "Stdin handler" [_thread_blocked, id=5496, stack(0x000000001cf80000,0x000000001d080000)]
  0x000000001b11b000 JavaThread "Asynchronous log dispatcher for DefaultDaemonConnection: socket connection from /127.0.0.1:55200 to /127.0.0.1:55201" [_thread_blocked, id=13920, stack(0x000000001cd80000,0x000000001ce80000)]
  0x000000001b1d9000 JavaThread "Daemon worker" [_thread_in_vm, id=12016, stack(0x000000001cc80000,0x000000001cd80000)]
  0x000000001b1d8800 JavaThread "Cancel handler" [_thread_blocked, id=504, stack(0x000000001cb80000,0x000000001cc80000)]
  0x000000001b08a800 JavaThread "Handler for socket connection from /127.0.0.1:55200 to /127.0.0.1:55201" [_thread_in_native, id=10016, stack(0x000000001c880000,0x000000001c980000)]
  0x000000001b0f6000 JavaThread "Daemon" [_thread_blocked, id=16552, stack(0x000000001c780000,0x000000001c880000)]
  0x000000001b0eb000 JavaThread "Daemon periodic checks" [_thread_blocked, id=4764, stack(0x000000001c680000,0x000000001c780000)]
  0x000000001b06e800 JavaThread "Incoming local TCP Connector on port 55200" [_thread_in_native, id=18408, stack(0x000000001c440000,0x000000001c540000)]
  0x00000000188bb800 JavaThread "Daemon health stats" [_thread_blocked, id=15452, stack(0x000000001be00000,0x000000001bf00000)]
  0x0000000018836000 JavaThread "Service Thread" daemon [_thread_blocked, id=16380, stack(0x0000000019460000,0x0000000019560000)]
  0x00000000187a1800 JavaThread "C1 CompilerThread3" daemon [_thread_blocked, id=9228, stack(0x0000000019360000,0x0000000019460000)]
=>0x0000000018799000 JavaThread "C2 CompilerThread2" daemon [_thread_in_native, id=13396, stack(0x0000000019260000,0x0000000019360000)]
  0x0000000018792000 JavaThread "C2 CompilerThread1" daemon [_thread_in_native, id=6640, stack(0x0000000019160000,0x0000000019260000)]
  0x000000001878f000 JavaThread "C2 CompilerThread0" daemon [_thread_blocked, id=10356, stack(0x0000000019060000,0x0000000019160000)]
  0x000000001878a800 JavaThread "Attach Listener" daemon [_thread_blocked, id=6312, stack(0x0000000018f60000,0x0000000019060000)]
  0x0000000018796000 JavaThread "Signal Dispatcher" daemon [_thread_blocked, id=8132, stack(0x0000000018e60000,0x0000000018f60000)]
  0x0000000002bce000 JavaThread "Finalizer" daemon [_thread_blocked, id=18312, stack(0x0000000018c60000,0x0000000018d60000)]
  0x0000000002bc5800 JavaThread "Reference Handler" daemon [_thread_blocked, id=6224, stack(0x0000000018b60000,0x0000000018c60000)]
  0x000000000298e800 JavaThread "main" [_thread_blocked, id=3964, stack(0x00000000029d0000,0x0000000002ad0000)]

Other Threads:
  0x0000000016986800 VMThread [stack: 0x0000000018660000,0x0000000018760000] [id=12508]
  0x0000000018836800 WatcherThread [stack: 0x0000000019560000,0x0000000019660000] [id=16088]

VM state:not at safepoint (normal execution)

VM Mutex/Monitor currently owned by a thread: None

heap address: 0x00000000a0000000, size: 1536 MB, Compressed Oops mode: 32-bit
Narrow klass base: 0x0000000000000000, Narrow klass shift: 3
Compressed class space size: 1073741824 Address: 0x0000000100000000

Heap:
 PSYoungGen      total 37888K, used 33170K [0x00000000e0000000, 0x00000000e4a00000, 0x0000000100000000)
  eden space 32768K, 85% used [0x00000000e0000000,0x00000000e1b6cb28,0x00000000e2000000)
  from space 5120K, 99% used [0x00000000e2500000,0x00000000e29f8020,0x00000000e2a00000)
  to   space 5120K, 0% used [0x00000000e2000000,0x00000000e2000000,0x00000000e2500000)
 ParOldGen       total 86016K, used 3846K [0x00000000a0000000, 0x00000000a5400000, 0x00000000e0000000)
  object space 86016K, 4% used [0x00000000a0000000,0x00000000a03c1a98,0x00000000a5400000)
 Metaspace       used 17107K, capacity 17518K, committed 17792K, reserved 1064960K
  class space    used 2453K, capacity 2627K, committed 2688K, reserved 1048576K

Card table byte_map: [0x0000000011f90000,0x00000000122a0000] byte_map_base: 0x0000000011a90000

Marking Bits: (ParMarkBitMap*) 0x0000000058ab9f30
 Begin Bits: [0x0000000012ca0000, 0x00000000144a0000)
 End Bits:   [0x00000000144a0000, 0x0000000015ca0000)

Polling page: 0x00000000010b0000

CodeCache: size=245760Kb used=5463Kb max_used=5474Kb free=240296Kb
 bounds [0x0000000002bd0000, 0x0000000003130000, 0x0000000011bd0000]
 total_blobs=1970 nmethods=1570 adapters=313
 compilation: enabled

Compilation events (10 events):
Event: 3.472 Thread 0x00000000187a1800 1568       3       java.util.concurrent.locks.ReentrantLock$Sync::tryRelease (45 bytes)
Event: 3.473 Thread 0x00000000187a1800 nmethod 1568 0x0000000003123e50 code [0x0000000003123fe0, 0x0000000003124588]
Event: 3.481 Thread 0x00000000187a1800 1569       3       org.gradle.internal.service.DefaultServiceRegistry$ParentServices::getService (11 bytes)
Event: 3.481 Thread 0x00000000187a1800 nmethod 1569 0x00000000031239d0 code [0x0000000003123b40, 0x0000000003123d68]
Event: 3.485 Thread 0x000000001878f000 1570       4       java.lang.String::codePointAt (36 bytes)
Event: 3.486 Thread 0x000000001878f000 nmethod 1570 0x0000000003122150 code [0x00000000031222a0, 0x0000000003122398]
Event: 3.489 Thread 0x000000001878f000 1571       4       java.lang.ReflectiveOperationException::<init> (7 bytes)
Event: 3.493 Thread 0x000000001878f000 nmethod 1571 0x0000000003129d10 code [0x0000000003129e60, 0x000000000312a1c8]
Event: 3.497 Thread 0x00000000187a1800 1572       3       java.lang.reflect.Method::setMethodAccessor (21 bytes)
Event: 3.498 Thread 0x00000000187a1800 nmethod 1572 0x00000000031296d0 code [0x0000000003129840, 0x0000000003129be8]

GC Heap History (8 events):
Event: 0.928 GC heap before
{Heap before GC invocations=1 (full 0):
 PSYoungGen      total 37888K, used 32768K [0x00000000e0000000, 0x00000000e2a00000, 0x0000000100000000)
  eden space 32768K, 100% used [0x00000000e0000000,0x00000000e2000000,0x00000000e2000000)
  from space 5120K, 0% used [0x00000000e2500000,0x00000000e2500000,0x00000000e2a00000)
  to   space 5120K, 0% used [0x00000000e2000000,0x00000000e2000000,0x00000000e2500000)
 ParOldGen       total 86016K, used 0K [0x00000000a0000000, 0x00000000a5400000, 0x00000000e0000000)
  object space 86016K, 0% used [0x00000000a0000000,0x00000000a0000000,0x00000000a5400000)
 Metaspace       used 6705K, capacity 6896K, committed 7040K, reserved 1056768K
  class space    used 817K, capacity 876K, committed 896K, reserved 1048576K
Event: 0.934 GC heap after
Heap after GC invocations=1 (full 0):
 PSYoungGen      total 37888K, used 4250K [0x00000000e0000000, 0x00000000e2a00000, 0x0000000100000000)
  eden space 32768K, 0% used [0x00000000e0000000,0x00000000e0000000,0x00000000e2000000)
  from space 5120K, 83% used [0x00000000e2000000,0x00000000e24268f0,0x00000000e2500000)
  to   space 5120K, 0% used [0x00000000e2500000,0x00000000e2500000,0x00000000e2a00000)
 ParOldGen       total 86016K, used 8K [0x00000000a0000000, 0x00000000a5400000, 0x00000000e0000000)
  object space 86016K, 0% used [0x00000000a0000000,0x00000000a0002000,0x00000000a5400000)
 Metaspace       used 6705K, capacity 6896K, committed 7040K, reserved 1056768K
  class space    used 817K, capacity 876K, committed 896K, reserved 1048576K
}
Event: 1.246 GC heap before
{Heap before GC invocations=2 (full 0):
 PSYoungGen      total 37888K, used 37018K [0x00000000e0000000, 0x00000000e2a00000, 0x0000000100000000)
  eden space 32768K, 100% used [0x00000000e0000000,0x00000000e2000000,0x00000000e2000000)
  from space 5120K, 83% used [0x00000000e2000000,0x00000000e24268f0,0x00000000e2500000)
  to   space 5120K, 0% used [0x00000000e2500000,0x00000000e2500000,0x00000000e2a00000)
 ParOldGen       total 86016K, used 8K [0x00000000a0000000, 0x00000000a5400000, 0x00000000e0000000)
  object space 86016K, 0% used [0x00000000a0000000,0x00000000a0002000,0x00000000a5400000)
 Metaspace       used 7028K, capacity 7210K, committed 7424K, reserved 1056768K
  class space    used 865K, capacity 917K, committed 1024K, reserved 1048576K
Event: 1.249 GC heap after
Heap after GC invocations=2 (full 0):
 PSYoungGen      total 37888K, used 3361K [0x00000000e0000000, 0x00000000e2a00000, 0x0000000100000000)
  eden space 32768K, 0% used [0x00000000e0000000,0x00000000e0000000,0x00000000e2000000)
  from space 5120K, 65% used [0x00000000e2500000,0x00000000e2848510,0x00000000e2a00000)
  to   space 5120K, 0% used [0x00000000e2000000,0x00000000e2000000,0x00000000e2500000)
 ParOldGen       total 86016K, used 16K [0x00000000a0000000, 0x00000000a5400000, 0x00000000e0000000)
  object space 86016K, 0% used [0x00000000a0000000,0x00000000a0004000,0x00000000a5400000)
 Metaspace       used 7028K, capacity 7210K, committed 7424K, reserved 1056768K
  class space    used 865K, capacity 917K, committed 1024K, reserved 1048576K
}
Event: 2.875 GC heap before
{Heap before GC invocations=3 (full 0):
 PSYoungGen      total 37888K, used 36129K [0x00000000e0000000, 0x00000000e2a00000, 0x0000000100000000)
  eden space 32768K, 100% used [0x00000000e0000000,0x00000000e2000000,0x00000000e2000000)
  from space 5120K, 65% used [0x00000000e2500000,0x00000000e2848510,0x00000000e2a00000)
  to   space 5120K, 0% used [0x00000000e2000000,0x00000000e2000000,0x00000000e2500000)
 ParOldGen       total 86016K, used 16K [0x00000000a0000000, 0x00000000a5400000, 0x00000000e0000000)
  object space 86016K, 0% used [0x00000000a0000000,0x00000000a0004000,0x00000000a5400000)
 Metaspace       used 12306K, capacity 12698K, committed 12928K, reserved 1060864K
  class space    used 1652K, capacity 1803K, committed 1920K, reserved 1048576K
Event: 2.883 GC heap after
Heap after GC invocations=3 (full 0):
 PSYoungGen      total 37888K, used 5120K [0x00000000e0000000, 0x00000000e2a00000, 0x0000000100000000)
  eden space 32768K, 0% used [0x00000000e0000000,0x00000000e0000000,0x00000000e2000000)
  from space 5120K, 100% used [0x00000000e2000000,0x00000000e2500000,0x00000000e2500000)
  to   space 5120K, 0% used [0x00000000e2500000,0x00000000e2500000,0x00000000e2a00000)
 ParOldGen       total 86016K, used 1347K [0x00000000a0000000, 0x00000000a5400000, 0x00000000e0000000)
  object space 86016K, 1% used [0x00000000a0000000,0x00000000a0150ee0,0x00000000a5400000)
 Metaspace       used 12306K, capacity 12698K, committed 12928K, reserved 1060864K
  class space    used 1652K, capacity 1803K, committed 1920K, reserved 1048576K
}
Event: 3.147 GC heap before
{Heap before GC invocations=4 (full 0):
 PSYoungGen      total 37888K, used 37888K [0x00000000e0000000, 0x00000000e2a00000, 0x0000000100000000)
  eden space 32768K, 100% used [0x00000000e0000000,0x00000000e2000000,0x00000000e2000000)
  from space 5120K, 100% used [0x00000000e2000000,0x00000000e2500000,0x00000000e2500000)
  to   space 5120K, 0% used [0x00000000e2500000,0x00000000e2500000,0x00000000e2a00000)
 ParOldGen       total 86016K, used 1347K [0x00000000a0000000, 0x00000000a5400000, 0x00000000e0000000)
  object space 86016K, 1% used [0x00000000a0000000,0x00000000a0150ee0,0x00000000a5400000)
 Metaspace       used 14601K, capacity 14980K, committed 15232K, reserved 1062912K
  class space    used 2044K, capacity 2160K, committed 2176K, reserved 1048576K
Event: 3.154 GC heap after
Heap after GC invocations=4 (full 0):
 PSYoungGen      total 37888K, used 5088K [0x00000000e0000000, 0x00000000e4a00000, 0x0000000100000000)
  eden space 32768K, 0% used [0x00000000e0000000,0x00000000e0000000,0x00000000e2000000)
  from space 5120K, 99% used [0x00000000e2500000,0x00000000e29f8020,0x00000000e2a00000)
  to   space 5120K, 0% used [0x00000000e2000000,0x00000000e2000000,0x00000000e2500000)
 ParOldGen       total 86016K, used 3846K [0x00000000a0000000, 0x00000000a5400000, 0x00000000e0000000)
  object space 86016K, 4% used [0x00000000a0000000,0x00000000a03c1a98,0x00000000a5400000)
 Metaspace       used 14601K, capacity 14980K, committed 15232K, reserved 1062912K
  class space    used 2044K, capacity 2160K, committed 2176K, reserved 1048576K
}

Deoptimization events (10 events):
Event: 2.769 Thread 0x000000001b08a800 Uncommon trap: reason=unstable_if action=reinterpret pc=0x0000000002fc1f34 method=java.util.concurrent.ConcurrentHashMap.putVal(Ljava/lang/Object;Ljava/lang/Object;Z)Ljava/lang/Object; @ 206
Event: 2.822 Thread 0x000000001b1d9000 Uncommon trap: reason=bimorphic action=maybe_recompile pc=0x0000000002e38c0c method=java.util.HashMap.putVal(ILjava/lang/Object;Ljava/lang/Object;ZZ)Ljava/lang/Object; @ 253
Event: 2.822 Thread 0x000000001b1d9000 Uncommon trap: reason=bimorphic action=maybe_recompile pc=0x0000000002e38c0c method=java.util.HashMap.putVal(ILjava/lang/Object;Ljava/lang/Object;ZZ)Ljava/lang/Object; @ 253
Event: 2.822 Thread 0x000000001b1d9000 Uncommon trap: reason=bimorphic action=maybe_recompile pc=0x0000000002e38c0c method=java.util.HashMap.putVal(ILjava/lang/Object;Ljava/lang/Object;ZZ)Ljava/lang/Object; @ 253
Event: 3.011 Thread 0x000000001b1d9000 Uncommon trap: reason=class_check action=maybe_recompile pc=0x0000000002eaf258 method=java.util.regex.Matcher.match(II)Z @ 86
Event: 3.022 Thread 0x000000001b1d9000 Uncommon trap: reason=class_check action=maybe_recompile pc=0x0000000002eaf258 method=java.util.regex.Matcher.match(II)Z @ 86
Event: 3.022 Thread 0x000000001b1d9000 Uncommon trap: reason=class_check action=maybe_recompile pc=0x0000000002eaf258 method=java.util.regex.Matcher.match(II)Z @ 86
Event: 3.022 Thread 0x000000001b1d9000 Uncommon trap: reason=class_check action=maybe_recompile pc=0x0000000002d43bdc method=java.util.regex.Matcher.match(II)Z @ 86
Event: 3.241 Thread 0x000000001b1d9000 Uncommon trap: reason=unstable_if action=reinterpret pc=0x000000000305a3f4 method=java.lang.String.lastIndexOf([CII[CIII)I @ 66
Event: 3.358 Thread 0x000000001b1d9000 Uncommon trap: reason=unstable_if action=reinterpret pc=0x000000000305cdf4 method=java.util.HashMap.putVal(ILjava/lang/Object;Ljava/lang/Object;ZZ)Ljava/lang/Object; @ 236

Classes redefined (0 events):
No events

Internal exceptions (10 events):
Event: 2.780 Thread 0x000000001b08a800 Exception <a 'java/lang/NoSuchMethodError': <clinit>> (0x00000000e18ec9e8) thrown at [D:\src\AOSP-openjdk-cygwin\jdk8u\hotspot\src\share\vm\prims\jni.cpp, line 1614]
Event: 2.780 Thread 0x000000001b08a800 Exception <a 'java/lang/NoSuchMethodError': <clinit>> (0x00000000e18f5678) thrown at [D:\src\AOSP-openjdk-cygwin\jdk8u\hotspot\src\share\vm\prims\jni.cpp, line 1614]
Event: 2.782 Thread 0x000000001b08a800 Exception <a 'java/lang/NoSuchMethodError': <clinit>> (0x00000000e190bc60) thrown at [D:\src\AOSP-openjdk-cygwin\jdk8u\hotspot\src\share\vm\prims\jni.cpp, line 1614]
Event: 2.789 Thread 0x000000001b08a800 Exception <a 'java/lang/NoSuchMethodError': <clinit>> (0x00000000e196a020) thrown at [D:\src\AOSP-openjdk-cygwin\jdk8u\hotspot\src\share\vm\prims\jni.cpp, line 1614]
Event: 2.794 Thread 0x000000001b08a800 Exception <a 'java/lang/NoSuchMethodError': <clinit>> (0x00000000e1996da0) thrown at [D:\src\AOSP-openjdk-cygwin\jdk8u\hotspot\src\share\vm\prims\jni.cpp, line 1614]
Event: 2.800 Thread 0x000000001b08a800 Exception <a 'java/lang/NoSuchMethodError': <clinit>> (0x00000000e19c5510) thrown at [D:\src\AOSP-openjdk-cygwin\jdk8u\hotspot\src\share\vm\prims\jni.cpp, line 1614]
Event: 2.801 Thread 0x000000001b08a800 Exception <a 'java/lang/NoSuchMethodError': <clinit>> (0x00000000e19d0918) thrown at [D:\src\AOSP-openjdk-cygwin\jdk8u\hotspot\src\share\vm\prims\jni.cpp, line 1614]
Event: 3.213 Thread 0x000000001b1d9000 Exception <a 'java/lang/NoSuchMethodError': java.lang.Object.lambda$and$0(Ljava/util/function/Predicate;Ljava/lang/Object;)Z> (0x00000000e0628600) thrown at [D:\src\AOSP-openjdk-cygwin\jdk8u\hotspot\src\share\vm\interpreter\linkResolver.cpp, line 620]
Event: 3.218 Thread 0x000000001b1d9000 Exception <a 'java/lang/IncompatibleClassChangeError': Found class java.lang.Object, but interface was expected> (0x00000000e063e8f0) thrown at [D:\src\AOSP-openjdk-cygwin\jdk8u\hotspot\src\share\vm\interpreter\linkResolver.cpp, line 653]
Event: 3.219 Thread 0x000000001b1d9000 Exception <a 'java/lang/NoSuchMethodError': java.lang.Object.lambda$or$2(Ljava/util/function/Predicate;Ljava/lang/Object;)Z> (0x00000000e0643800) thrown at [D:\src\AOSP-openjdk-cygwin\jdk8u\hotspot\src\share\vm\interpreter\linkResolver.cpp, line 620]

Events (10 events):
Event: 3.518 loading class kotlin/reflect/KAnnotatedElement
Event: 3.518 loading class kotlin/reflect/KAnnotatedElement done
Event: 3.518 loading class kotlin/jvm/functions/Function0
Event: 3.518 loading class kotlin/jvm/functions/Function0 done
Event: 3.518 loading class kotlin/jvm/internal/PropertyReference
Event: 3.518 loading class kotlin/jvm/internal/PropertyReference done
Event: 3.519 loading class kotlin/jvm/internal/CallableReference
Event: 3.519 loading class kotlin/jvm/internal/CallableReference done
Event: 3.519 loading class kotlin/jvm/internal/PropertyReference0Impl
Event: 3.519 loading class kotlin/jvm/internal/PropertyReference0Impl done


Dynamic libraries:
0x00007ff7e1f70000 - 0x00007ff7e1fa1000 	C:\Program Files\Android\Android Studio\jre\bin\java.exe
0x00007ffd31680000 - 0x00007ffd31870000 	C:\WINDOWS\SYSTEM32\ntdll.dll
0x00007ffd311d0000 - 0x00007ffd31282000 	C:\WINDOWS\System32\KERNEL32.DLL
0x00007ffd2e8e0000 - 0x00007ffd2eb83000 	C:\WINDOWS\System32\KERNELBASE.dll
0x00007ffd31470000 - 0x00007ffd31513000 	C:\WINDOWS\System32\ADVAPI32.dll
0x00007ffd2f730000 - 0x00007ffd2f7ce000 	C:\WINDOWS\System32\msvcrt.dll
0x00007ffd31130000 - 0x00007ffd311c7000 	C:\WINDOWS\System32\sechost.dll
0x00007ffd2fb00000 - 0x00007ffd2fc20000 	C:\WINDOWS\System32\RPCRT4.dll
0x00007ffd305b0000 - 0x00007ffd30744000 	C:\WINDOWS\System32\USER32.dll
0x00007ffd2f660000 - 0x00007ffd2f681000 	C:\WINDOWS\System32\win32u.dll
0x00007ffd313e0000 - 0x00007ffd31406000 	C:\WINDOWS\System32\GDI32.dll
0x00007ffd2ec90000 - 0x00007ffd2ee24000 	C:\WINDOWS\System32\gdi32full.dll
0x00007ffd2f690000 - 0x00007ffd2f72e000 	C:\WINDOWS\System32\msvcp_win.dll
0x00007ffd2eb90000 - 0x00007ffd2ec8a000 	C:\WINDOWS\System32\ucrtbase.dll
0x00007ffd19320000 - 0x00007ffd195a5000 	C:\WINDOWS\WinSxS\amd64_microsoft.windows.common-controls_6595b64144ccf1df_6.0.18362.720_none_e6beb5c51314836b\COMCTL32.dll
0x00007ffd30970000 - 0x00007ffd30ca6000 	C:\WINDOWS\System32\combase.dll
0x00007ffd2e800000 - 0x00007ffd2e880000 	C:\WINDOWS\System32\bcryptPrimitives.dll
0x00007ffd2fc20000 - 0x00007ffd2fc4e000 	C:\WINDOWS\System32\IMM32.DLL
0x0000000058110000 - 0x00000000581e2000 	C:\Program Files\Android\Android Studio\jre\jre\bin\msvcr100.dll
0x00000000582f0000 - 0x0000000058b36000 	C:\Program Files\Android\Android Studio\jre\jre\bin\server\jvm.dll
0x00007ffd30470000 - 0x00007ffd30478000 	C:\WINDOWS\System32\PSAPI.DLL
0x00007ffd2b0a0000 - 0x00007ffd2b0c4000 	C:\WINDOWS\SYSTEM32\WINMM.dll
0x00007ffd27780000 - 0x00007ffd2778a000 	C:\WINDOWS\SYSTEM32\VERSION.dll
0x00007ffd16e80000 - 0x00007ffd16e89000 	C:\WINDOWS\SYSTEM32\WSOCK32.dll
0x00007ffd30750000 - 0x00007ffd307bf000 	C:\WINDOWS\System32\WS2_32.dll
0x00007ffd2b070000 - 0x00007ffd2b09d000 	C:\WINDOWS\SYSTEM32\WINMMBASE.dll
0x00007ffd2e630000 - 0x00007ffd2e67a000 	C:\WINDOWS\System32\cfgmgr32.dll
0x00007ffd26c60000 - 0x00007ffd26c6f000 	C:\Program Files\Android\Android Studio\jre\jre\bin\verify.dll
0x00007ffd1cdb0000 - 0x00007ffd1cdd9000 	C:\Program Files\Android\Android Studio\jre\jre\bin\java.dll
0x00007ffd246d0000 - 0x00007ffd246e6000 	C:\Program Files\Android\Android Studio\jre\jre\bin\zip.dll
0x00007ffd2fd20000 - 0x00007ffd30405000 	C:\WINDOWS\System32\SHELL32.dll
0x00007ffd30480000 - 0x00007ffd30529000 	C:\WINDOWS\System32\shcore.dll
0x00007ffd2eee0000 - 0x00007ffd2f660000 	C:\WINDOWS\System32\windows.storage.dll
0x00007ffd2e590000 - 0x00007ffd2e5b3000 	C:\WINDOWS\System32\profapi.dll
0x00007ffd2e5c0000 - 0x00007ffd2e60a000 	C:\WINDOWS\System32\powrprof.dll
0x00007ffd2e540000 - 0x00007ffd2e550000 	C:\WINDOWS\System32\UMPDC.dll
0x00007ffd2fa20000 - 0x00007ffd2fa72000 	C:\WINDOWS\System32\shlwapi.dll
0x00007ffd2e570000 - 0x00007ffd2e581000 	C:\WINDOWS\System32\kernel.appcore.dll
0x00007ffd2e610000 - 0x00007ffd2e627000 	C:\WINDOWS\System32\cryptsp.dll
0x00007ffd1dc70000 - 0x00007ffd1dc8a000 	C:\Program Files\Android\Android Studio\jre\jre\bin\net.dll
0x00007ffd1e770000 - 0x00007ffd1e945000 	C:\WINDOWS\SYSTEM32\urlmon.dll
0x00007ffd1ee50000 - 0x00007ffd1f0f6000 	C:\WINDOWS\SYSTEM32\iertutil.dll
0x00007ffd2df80000 - 0x00007ffd2df8c000 	C:\WINDOWS\SYSTEM32\CRYPTBASE.DLL
0x00007ffd2ddb0000 - 0x00007ffd2de17000 	C:\WINDOWS\system32\mswsock.dll
0x00007ffd1cd90000 - 0x00007ffd1cda3000 	C:\Program Files\Android\Android Studio\jre\jre\bin\nio.dll
0x00007ffd1ec40000 - 0x00007ffd1ec66000 	C:\Users\serhat\.gradle\native\30\windows-amd64\native-platform.dll
0x00007ffd269d0000 - 0x00007ffd269dd000 	C:\Program Files\Android\Android Studio\jre\jre\bin\management.dll
0x00007ffd2d920000 - 0x00007ffd2d953000 	C:\WINDOWS\system32\rsaenh.dll
0x00007ffd2e680000 - 0x00007ffd2e6a6000 	C:\WINDOWS\System32\bcrypt.dll
0x00007ffd2e460000 - 0x00007ffd2e485000 	C:\WINDOWS\SYSTEM32\USERENV.dll
0x00007ffd2dac0000 - 0x00007ffd2dafa000 	C:\WINDOWS\SYSTEM32\IPHLPAPI.DLL
0x00007ffd30cb0000 - 0x00007ffd30cb8000 	C:\WINDOWS\System32\NSI.dll
0x00007ffd25f20000 - 0x00007ffd25f36000 	C:\WINDOWS\SYSTEM32\dhcpcsvc6.DLL
0x00007ffd25ea0000 - 0x00007ffd25ebc000 	C:\WINDOWS\SYSTEM32\dhcpcsvc.DLL
0x00007ffd2db00000 - 0x00007ffd2dbca000 	C:\WINDOWS\SYSTEM32\DNSAPI.dll

VM Arguments:
jvm_args: -Xmx1536m -Dfile.encoding=windows-1252 -Duser.country=US -Duser.language=en -Duser.variant 
java_command: org.gradle.launcher.daemon.bootstrap.GradleDaemon 5.6.4
java_class_path (initial): C:\Users\serhat\.gradle\wrapper\dists\gradle-5.6.4-all\ankdp27end7byghfw1q2sw75f\gradle-5.6.4\lib\gradle-launcher-5.6.4.jar
Launcher Type: SUN_STANDARD

Environment Variables:
PATH=C:\Windows\system32;C:\Windows;C:\Windows\System32\Wbem;C:\Windows\System32\WindowsPowerShell\v1.0\;C:\Windows\System32\OpenSSH\;C:\Program Files (x86)\NVIDIA Corporation\PhysX\Common;C:\Program Files\NVIDIA Corporation\NVIDIA NvDLISR;C:\Program Files\dotnet\;C:\Program Files\Microsoft SQL Server\130\Tools\Binn\;C:\Program Files\Intel\WiFi\bin\;C:\Program Files\Common Files\Intel\WirelessCommon\;C:\Program Files\Git\cmd;C:\WINDOWS\system32;C:\WINDOWS;C:\WINDOWS\System32\Wbem;C:\WINDOWS\System32\WindowsPowerShell\v1.0\;C:\WINDOWS\System32\OpenSSH\;C:\Users\serhat\AppData\Local\Microsoft\WindowsApps;C:\Program Files\Intel\WiFi\bin\;C:\Program Files\Common Files\Intel\WirelessCommon\;
USERNAME=serhat
OS=Windows_NT
PROCESSOR_IDENTIFIER=Intel64 Family 6 Model 94 Stepping 3, GenuineIntel



---------------  S Y S T E M  ---------------

OS: Windows 10.0 , 64 bit Build 18362 (10.0.18362.329)

CPU:total 8 (initial active 8) (4 cores per cpu, 2 threads per core) family 6 model 94 stepping 3, cmov, cx8, fxsr, mmx, sse, sse2, sse3, ssse3, sse4.1, sse4.2, popcnt, avx, avx2, aes, clmul, erms, rtm, 3dnowpref, lzcnt, ht, tsc, tscinvbit, bmi1, bmi2, adx

Memory: 4k page, physical 8233060k(1156672k free), swap 33398884k(11720k free)

vm_info: OpenJDK 64-Bit Server VM (25.212-b04) for windows-amd64 JRE (1.8.0_212-release-1586-b04), built by "builder" with MS VC++ 10.0 (VS2010)

time: Sun Mar 29 23:33:14 2020
timezone: Turkey Standard Time
elapsed time: 3 seconds (0d 0h 0m 3s)

