#
# There is insufficient memory for the Java Runtime Environment to continue.
# Native memory allocation (malloc) failed to allocate 265360 bytes for Chunk::new
# Possible reasons:
#   The system is out of physical RAM or swap space
#   The process is running with CompressedOops enabled, and the Java Heap may be blocking the growth of the native heap
# Possible solutions:
#   Reduce memory load on the system
#   Increase physical memory or swap space
#   Check if swap backing store is full
#   Decrease Java heap size (-Xmx/-Xms)
#   Decrease number of Java threads
#   Decrease Java thread stack sizes (-Xss)
#   Set larger code cache with -XX:ReservedCodeCacheSize=
#   JVM is running with Unscaled Compressed Oops mode in which the Java heap is
#     placed in the first 4GB address space. The Java Heap base address is the
#     maximum limit for the native heap growth. Please use -XX:HeapBaseMinAddress
#     to set the Java Heap base and to place the Java Heap above 4GB virtual address.
# This output file may be truncated or incomplete.
#
#  Out of Memory Error (allocation.cpp:389), pid=13776, tid=0x0000000000004748
#
# JRE version: OpenJDK Runtime Environment (8.0_212-b04) (build 1.8.0_212-release-1586-b04)
# Java VM: OpenJDK 64-Bit Server VM (25.212-b04 mixed mode windows-amd64 compressed oops)
# Failed to write core dump. Minidumps are not enabled by default on client versions of Windows
#

---------------  T H R E A D  ---------------

Current thread (0x0000000018d07000):  JavaThread "C2 CompilerThread2" daemon [_thread_in_native, id=18248, stack(0x00000000197d0000,0x00000000198d0000)]

Stack: [0x00000000197d0000,0x00000000198d0000]
[error occurred during error reporting (printing stack bounds), id 0xc0000005]

Native frames: (J=compiled Java code, j=interpreted, Vv=VM code, C=native code)


Current CompileTask:
C2:   3406 1673       4       java.io.WinNTFileSystem::normalize (231 bytes)


---------------  P R O C E S S  ---------------

Java Threads: ( => current thread )
  0x0000000019ee7000 JavaThread "Cache worker for file hash cache (C:\Users\serhat\AndroidStudioProjects\200IQ\.gradle\5.6.4\fileHashes)" [_thread_blocked, id=13728, stack(0x000000001fd90000,0x000000001fe90000)]
  0x0000000019ee6000 JavaThread "Cache worker for journal cache (C:\Users\serhat\.gradle\caches\journal-1)" [_thread_blocked, id=13156, stack(0x000000001d8f0000,0x000000001d9f0000)]
  0x0000000019ee4000 JavaThread "File lock request listener" [_thread_in_native, id=7328, stack(0x000000001d7f0000,0x000000001d8f0000)]
  0x000000001a377000 JavaThread "Cache worker for file hash cache (C:\Users\serhat\.gradle\caches\5.6.4\fileHashes)" [_thread_blocked, id=10000, stack(0x000000001d6f0000,0x000000001d7f0000)]
  0x000000001b6ff800 JavaThread "Thread-9" [_thread_blocked, id=7160, stack(0x000000001d5f0000,0x000000001d6f0000)]
  0x000000001b6f6000 JavaThread "Stdin handler" [_thread_blocked, id=12228, stack(0x000000001d4f0000,0x000000001d5f0000)]
  0x000000001b6f1800 JavaThread "Asynchronous log dispatcher for DefaultDaemonConnection: socket connection from /127.0.0.1:55179 to /127.0.0.1:55180" [_thread_blocked, id=14232, stack(0x000000001d2f0000,0x000000001d3f0000)]
  0x000000001b6ef800 JavaThread "Daemon worker" [_thread_in_native, id=15412, stack(0x000000001d1f0000,0x000000001d2f0000)]
  0x000000001b5ea800 JavaThread "Cancel handler" [_thread_blocked, id=7396, stack(0x000000001d0f0000,0x000000001d1f0000)]
  0x000000001b676800 JavaThread "Handler for socket connection from /127.0.0.1:55179 to /127.0.0.1:55180" [_thread_in_native, id=7628, stack(0x000000001cdf0000,0x000000001cef0000)]
  0x000000001b5fa800 JavaThread "Daemon" [_thread_blocked, id=8716, stack(0x000000001ccf0000,0x000000001cdf0000)]
  0x000000001b667800 JavaThread "Daemon periodic checks" [_thread_blocked, id=19256, stack(0x000000001cbf0000,0x000000001ccf0000)]
  0x000000001b608000 JavaThread "Incoming local TCP Connector on port 55179" [_thread_in_native, id=16376, stack(0x000000001c9b0000,0x000000001cab0000)]
  0x0000000019c10800 JavaThread "Daemon health stats" [_thread_blocked, id=16036, stack(0x000000001c370000,0x000000001c470000)]
  0x0000000018d9b800 JavaThread "Service Thread" daemon [_thread_blocked, id=2720, stack(0x00000000199d0000,0x0000000019ad0000)]
  0x0000000018d0b000 JavaThread "C1 CompilerThread3" daemon [_thread_blocked, id=9764, stack(0x00000000198d0000,0x00000000199d0000)]
=>0x0000000018d07000 JavaThread "C2 CompilerThread2" daemon [_thread_in_native, id=18248, stack(0x00000000197d0000,0x00000000198d0000)]
  0x0000000018cfe000 JavaThread "C2 CompilerThread1" daemon [_thread_in_native, id=11608, stack(0x00000000196d0000,0x00000000197d0000)]
  0x0000000018cfb000 JavaThread "C2 CompilerThread0" daemon [_thread_in_native, id=4516, stack(0x00000000195d0000,0x00000000196d0000)]
  0x0000000018cfa000 JavaThread "Attach Listener" daemon [_thread_blocked, id=13280, stack(0x00000000194d0000,0x00000000195d0000)]
  0x0000000018d05800 JavaThread "Signal Dispatcher" daemon [_thread_blocked, id=7416, stack(0x00000000193d0000,0x00000000194d0000)]
  0x0000000018cf1000 JavaThread "Finalizer" daemon [_thread_blocked, id=10260, stack(0x00000000191d0000,0x00000000192d0000)]
  0x0000000018cf0800 JavaThread "Reference Handler" daemon [_thread_blocked, id=7612, stack(0x00000000190d0000,0x00000000191d0000)]
  0x00000000016ee800 JavaThread "main" [_thread_blocked, id=13544, stack(0x0000000002f30000,0x0000000003030000)]

Other Threads:
  0x0000000016ee6000 VMThread [stack: 0x0000000018bd0000,0x0000000018cd0000] [id=17904]
  0x0000000018d9c800 WatcherThread [stack: 0x0000000019ad0000,0x0000000019bd0000] [id=5012]

VM state:not at safepoint (normal execution)

VM Mutex/Monitor currently owned by a thread: None

heap address: 0x00000000a0000000, size: 1536 MB, Compressed Oops mode: 32-bit
Narrow klass base: 0x0000000000000000, Narrow klass shift: 3
Compressed class space size: 1073741824 Address: 0x0000000100000000

Heap:
 PSYoungGen      total 37888K, used 19889K [0x00000000e0000000, 0x00000000e5500000, 0x0000000100000000)
  eden space 32768K, 45% used [0x00000000e0000000,0x00000000e0e74718,0x00000000e2000000)
  from space 5120K, 99% used [0x00000000e2000000,0x00000000e24f8020,0x00000000e2500000)
  to   space 10752K, 0% used [0x00000000e4a80000,0x00000000e4a80000,0x00000000e5500000)
 ParOldGen       total 86016K, used 7444K [0x00000000a0000000, 0x00000000a5400000, 0x00000000e0000000)
  object space 86016K, 8% used [0x00000000a0000000,0x00000000a0745108,0x00000000a5400000)
 Metaspace       used 19009K, capacity 19556K, committed 19840K, reserved 1067008K
  class space    used 2740K, capacity 2934K, committed 2944K, reserved 1048576K

Card table byte_map: [0x00000000124f0000,0x0000000012800000] byte_map_base: 0x0000000011ff0000

Marking Bits: (ParMarkBitMap*) 0x0000000058ab9f30
 Begin Bits: [0x0000000013200000, 0x0000000014a00000)
 End Bits:   [0x0000000014a00000, 0x0000000016200000)

Polling page: 0x0000000001100000

CodeCache: size=245760Kb used=5640Kb max_used=5644Kb free=240119Kb
 bounds [0x0000000003130000, 0x00000000036c0000, 0x0000000012130000]
 total_blobs=2106 nmethods=1695 adapters=324
 compilation: enabled

Compilation events (10 events):
Event: 3.401 Thread 0x0000000018d0b000 1696       3       sun.security.provider.MD5::FF (33 bytes)
Event: 3.401 Thread 0x0000000018d0b000 nmethod 1696 0x00000000036b3650 code [0x00000000036b37a0, 0x00000000036b3910]
Event: 3.401 Thread 0x0000000018d0b000 1697       3       sun.security.provider.MD5::GG (33 bytes)
Event: 3.401 Thread 0x0000000018d0b000 nmethod 1697 0x00000000036b3310 code [0x00000000036b3460, 0x00000000036b35d0]
Event: 3.401 Thread 0x0000000018d0b000 1698       3       sun.security.provider.MD5::HH (29 bytes)
Event: 3.401 Thread 0x0000000018d0b000 nmethod 1698 0x00000000036b2fd0 code [0x00000000036b3120, 0x00000000036b3290]
Event: 3.401 Thread 0x0000000018d0b000 1699       3       sun.security.provider.MD5::II (31 bytes)
Event: 3.402 Thread 0x0000000018d0b000 nmethod 1699 0x00000000036b2c90 code [0x00000000036b2de0, 0x00000000036b2f50]
Event: 3.403 Thread 0x0000000018d0b000 1700       3       java.net.URI::checkPath (37 bytes)
Event: 3.404 Thread 0x0000000018d0b000 nmethod 1700 0x00000000036b22d0 code [0x00000000036b2480, 0x00000000036b2a38]

GC Heap History (10 events):
Event: 0.857 GC heap before
{Heap before GC invocations=1 (full 0):
 PSYoungGen      total 37888K, used 32768K [0x00000000e0000000, 0x00000000e2a00000, 0x0000000100000000)
  eden space 32768K, 100% used [0x00000000e0000000,0x00000000e2000000,0x00000000e2000000)
  from space 5120K, 0% used [0x00000000e2500000,0x00000000e2500000,0x00000000e2a00000)
  to   space 5120K, 0% used [0x00000000e2000000,0x00000000e2000000,0x00000000e2500000)
 ParOldGen       total 86016K, used 0K [0x00000000a0000000, 0x00000000a5400000, 0x00000000e0000000)
  object space 86016K, 0% used [0x00000000a0000000,0x00000000a0000000,0x00000000a5400000)
 Metaspace       used 6699K, capacity 6896K, committed 7040K, reserved 1056768K
  class space    used 817K, capacity 876K, committed 896K, reserved 1048576K
Event: 0.864 GC heap after
Heap after GC invocations=1 (full 0):
 PSYoungGen      total 37888K, used 4279K [0x00000000e0000000, 0x00000000e2a00000, 0x0000000100000000)
  eden space 32768K, 0% used [0x00000000e0000000,0x00000000e0000000,0x00000000e2000000)
  from space 5120K, 83% used [0x00000000e2000000,0x00000000e242de80,0x00000000e2500000)
  to   space 5120K, 0% used [0x00000000e2500000,0x00000000e2500000,0x00000000e2a00000)
 ParOldGen       total 86016K, used 8K [0x00000000a0000000, 0x00000000a5400000, 0x00000000e0000000)
  object space 86016K, 0% used [0x00000000a0000000,0x00000000a0002000,0x00000000a5400000)
 Metaspace       used 6699K, capacity 6896K, committed 7040K, reserved 1056768K
  class space    used 817K, capacity 876K, committed 896K, reserved 1048576K
}
Event: 1.126 GC heap before
{Heap before GC invocations=2 (full 0):
 PSYoungGen      total 37888K, used 37047K [0x00000000e0000000, 0x00000000e2a00000, 0x0000000100000000)
  eden space 32768K, 100% used [0x00000000e0000000,0x00000000e2000000,0x00000000e2000000)
  from space 5120K, 83% used [0x00000000e2000000,0x00000000e242de80,0x00000000e2500000)
  to   space 5120K, 0% used [0x00000000e2500000,0x00000000e2500000,0x00000000e2a00000)
 ParOldGen       total 86016K, used 8K [0x00000000a0000000, 0x00000000a5400000, 0x00000000e0000000)
  object space 86016K, 0% used [0x00000000a0000000,0x00000000a0002000,0x00000000a5400000)
 Metaspace       used 7013K, capacity 7210K, committed 7424K, reserved 1056768K
  class space    used 865K, capacity 917K, committed 1024K, reserved 1048576K
Event: 1.130 GC heap after
Heap after GC invocations=2 (full 0):
 PSYoungGen      total 37888K, used 3329K [0x00000000e0000000, 0x00000000e4a00000, 0x0000000100000000)
  eden space 32768K, 0% used [0x00000000e0000000,0x00000000e0000000,0x00000000e2000000)
  from space 5120K, 65% used [0x00000000e2500000,0x00000000e28404f0,0x00000000e2a00000)
  to   space 5120K, 0% used [0x00000000e2000000,0x00000000e2000000,0x00000000e2500000)
 ParOldGen       total 86016K, used 16K [0x00000000a0000000, 0x00000000a5400000, 0x00000000e0000000)
  object space 86016K, 0% used [0x00000000a0000000,0x00000000a0004000,0x00000000a5400000)
 Metaspace       used 7013K, capacity 7210K, committed 7424K, reserved 1056768K
  class space    used 865K, capacity 917K, committed 1024K, reserved 1048576K
}
Event: 2.500 GC heap before
{Heap before GC invocations=3 (full 0):
 PSYoungGen      total 37888K, used 36097K [0x00000000e0000000, 0x00000000e4a00000, 0x0000000100000000)
  eden space 32768K, 100% used [0x00000000e0000000,0x00000000e2000000,0x00000000e2000000)
  from space 5120K, 65% used [0x00000000e2500000,0x00000000e28404f0,0x00000000e2a00000)
  to   space 5120K, 0% used [0x00000000e2000000,0x00000000e2000000,0x00000000e2500000)
 ParOldGen       total 86016K, used 16K [0x00000000a0000000, 0x00000000a5400000, 0x00000000e0000000)
  object space 86016K, 0% used [0x00000000a0000000,0x00000000a0004000,0x00000000a5400000)
 Metaspace       used 12275K, capacity 12698K, committed 12928K, reserved 1060864K
  class space    used 1652K, capacity 1803K, committed 1920K, reserved 1048576K
Event: 2.506 GC heap after
Heap after GC invocations=3 (full 0):
 PSYoungGen      total 37888K, used 5108K [0x00000000e0000000, 0x00000000e2a00000, 0x0000000100000000)
  eden space 32768K, 0% used [0x00000000e0000000,0x00000000e0000000,0x00000000e2000000)
  from space 5120K, 99% used [0x00000000e2000000,0x00000000e24fd0b0,0x00000000e2500000)
  to   space 5120K, 0% used [0x00000000e2500000,0x00000000e2500000,0x00000000e2a00000)
 ParOldGen       total 86016K, used 1389K [0x00000000a0000000, 0x00000000a5400000, 0x00000000e0000000)
  object space 86016K, 1% used [0x00000000a0000000,0x00000000a015b7c8,0x00000000a5400000)
 Metaspace       used 12275K, capacity 12698K, committed 12928K, reserved 1060864K
  class space    used 1652K, capacity 1803K, committed 1920K, reserved 1048576K
}
Event: 2.784 GC heap before
{Heap before GC invocations=4 (full 0):
 PSYoungGen      total 37888K, used 37876K [0x00000000e0000000, 0x00000000e2a00000, 0x0000000100000000)
  eden space 32768K, 100% used [0x00000000e0000000,0x00000000e2000000,0x00000000e2000000)
  from space 5120K, 99% used [0x00000000e2000000,0x00000000e24fd0b0,0x00000000e2500000)
  to   space 5120K, 0% used [0x00000000e2500000,0x00000000e2500000,0x00000000e2a00000)
 ParOldGen       total 86016K, used 1389K [0x00000000a0000000, 0x00000000a5400000, 0x00000000e0000000)
  object space 86016K, 1% used [0x00000000a0000000,0x00000000a015b7c8,0x00000000a5400000)
 Metaspace       used 14576K, capacity 14916K, committed 14976K, reserved 1062912K
  class space    used 2044K, capacity 2160K, committed 2176K, reserved 1048576K
Event: 2.792 GC heap after
Heap after GC invocations=4 (full 0):
 PSYoungGen      total 37888K, used 5104K [0x00000000e0000000, 0x00000000e4a00000, 0x0000000100000000)
  eden space 32768K, 0% used [0x00000000e0000000,0x00000000e0000000,0x00000000e2000000)
  from space 5120K, 99% used [0x00000000e2500000,0x00000000e29fc010,0x00000000e2a00000)
  to   space 5120K, 0% used [0x00000000e2000000,0x00000000e2000000,0x00000000e2500000)
 ParOldGen       total 86016K, used 3877K [0x00000000a0000000, 0x00000000a5400000, 0x00000000e0000000)
  object space 86016K, 4% used [0x00000000a0000000,0x00000000a03c9568,0x00000000a5400000)
 Metaspace       used 14576K, capacity 14916K, committed 14976K, reserved 1062912K
  class space    used 2044K, capacity 2160K, committed 2176K, reserved 1048576K
}
Event: 3.200 GC heap before
{Heap before GC invocations=5 (full 0):
 PSYoungGen      total 37888K, used 37872K [0x00000000e0000000, 0x00000000e4a00000, 0x0000000100000000)
  eden space 32768K, 100% used [0x00000000e0000000,0x00000000e2000000,0x00000000e2000000)
  from space 5120K, 99% used [0x00000000e2500000,0x00000000e29fc010,0x00000000e2a00000)
  to   space 5120K, 0% used [0x00000000e2000000,0x00000000e2000000,0x00000000e2500000)
 ParOldGen       total 86016K, used 3877K [0x00000000a0000000, 0x00000000a5400000, 0x00000000e0000000)
  object space 86016K, 4% used [0x00000000a0000000,0x00000000a03c9568,0x00000000a5400000)
 Metaspace       used 17618K, capacity 18030K, committed 18432K, reserved 1064960K
  class space    used 2528K, capacity 2691K, committed 2816K, reserved 1048576K
Event: 3.210 GC heap after
Heap after GC invocations=5 (full 0):
 PSYoungGen      total 37888K, used 5088K [0x00000000e0000000, 0x00000000e5500000, 0x0000000100000000)
  eden space 32768K, 0% used [0x00000000e0000000,0x00000000e0000000,0x00000000e2000000)
  from space 5120K, 99% used [0x00000000e2000000,0x00000000e24f8020,0x00000000e2500000)
  to   space 10752K, 0% used [0x00000000e4a80000,0x00000000e4a80000,0x00000000e5500000)
 ParOldGen       total 86016K, used 7444K [0x00000000a0000000, 0x00000000a5400000, 0x00000000e0000000)
  object space 86016K, 8% used [0x00000000a0000000,0x00000000a0745108,0x00000000a5400000)
 Metaspace       used 17618K, capacity 18030K, committed 18432K, reserved 1064960K
  class space    used 2528K, capacity 2691K, committed 2816K, reserved 1048576K
}

Deoptimization events (10 events):
Event: 2.876 Thread 0x000000001b6ef800 Uncommon trap: reason=unstable_if action=reinterpret pc=0x00000000035941b4 method=java.lang.String.lastIndexOf([CII[CIII)I @ 66
Event: 2.958 Thread 0x000000001b6ef800 Uncommon trap: reason=unstable_if action=reinterpret pc=0x0000000003598fac method=java.util.HashMap.putVal(ILjava/lang/Object;Ljava/lang/Object;ZZ)Ljava/lang/Object; @ 236
Event: 3.222 Thread 0x000000001b6ef800 Uncommon trap: reason=unstable_if action=reinterpret pc=0x00000000032a25c8 method=java.net.URI.match(CJJ)Z @ 19
Event: 3.222 Thread 0x000000001b6ef800 Uncommon trap: reason=unstable_if action=reinterpret pc=0x000000000337a480 method=java.net.URI.match(CJJ)Z @ 19
Event: 3.222 Thread 0x000000001b6ef800 Uncommon trap: reason=unstable_if action=reinterpret pc=0x00000000032a1108 method=java.net.URI.match(CJJ)Z @ 19
Event: 3.264 Thread 0x000000001b6ef800 Uncommon trap: reason=unstable_if action=reinterpret pc=0x00000000033fa418 method=java.io.File.getName()Ljava/lang/String; @ 16
Event: 3.335 Thread 0x000000001b6ef800 Uncommon trap: reason=bimorphic action=maybe_recompile pc=0x00000000035d3b60 method=java.lang.ClassLoader.loadClass(Ljava/lang/String;Z)Ljava/lang/Class; @ 38
Event: 3.341 Thread 0x000000001b6ef800 Uncommon trap: reason=bimorphic action=maybe_recompile pc=0x00000000035d3b60 method=java.lang.ClassLoader.loadClass(Ljava/lang/String;Z)Ljava/lang/Class; @ 38
Event: 3.341 Thread 0x000000001b6ef800 Uncommon trap: reason=bimorphic action=maybe_recompile pc=0x00000000035d3b60 method=java.lang.ClassLoader.loadClass(Ljava/lang/String;Z)Ljava/lang/Class; @ 38
Event: 3.342 Thread 0x000000001b6ef800 Uncommon trap: reason=bimorphic action=maybe_recompile pc=0x00000000035d3b60 method=java.lang.ClassLoader.loadClass(Ljava/lang/String;Z)Ljava/lang/Class; @ 38

Classes redefined (0 events):
No events

Internal exceptions (10 events):
Event: 3.345 Thread 0x000000001b6ef800 Exception <a 'java/lang/NoSuchMethodError': <clinit>> (0x00000000e0aa0370) thrown at [D:\src\AOSP-openjdk-cygwin\jdk8u\hotspot\src\share\vm\prims\jni.cpp, line 1614]
Event: 3.364 Thread 0x000000001b6ef800 Exception <a 'java/lang/NoSuchMethodError': <clinit>> (0x00000000e0af1060) thrown at [D:\src\AOSP-openjdk-cygwin\jdk8u\hotspot\src\share\vm\prims\jni.cpp, line 1614]
Event: 3.365 Thread 0x000000001b6ef800 Exception <a 'java/lang/NoSuchMethodError': <clinit>> (0x00000000e0afebd8) thrown at [D:\src\AOSP-openjdk-cygwin\jdk8u\hotspot\src\share\vm\prims\jni.cpp, line 1614]
Event: 3.377 Thread 0x000000001b6ef800 Exception <a 'java/lang/NoSuchMethodError': <clinit>> (0x00000000e0c28b90) thrown at [D:\src\AOSP-openjdk-cygwin\jdk8u\hotspot\src\share\vm\prims\jni.cpp, line 1614]
Event: 3.378 Thread 0x000000001b6ef800 Exception <a 'java/lang/NoSuchMethodError': <clinit>> (0x00000000e0c2cd30) thrown at [D:\src\AOSP-openjdk-cygwin\jdk8u\hotspot\src\share\vm\prims\jni.cpp, line 1614]
Event: 3.378 Thread 0x000000001b6ef800 Exception <a 'java/lang/NoSuchMethodError': <clinit>> (0x00000000e0c2e6b8) thrown at [D:\src\AOSP-openjdk-cygwin\jdk8u\hotspot\src\share\vm\prims\jni.cpp, line 1614]
Event: 3.378 Thread 0x000000001b6ef800 Exception <a 'java/lang/NoSuchMethodError': <clinit>> (0x00000000e0c2fbb8) thrown at [D:\src\AOSP-openjdk-cygwin\jdk8u\hotspot\src\share\vm\prims\jni.cpp, line 1614]
Event: 3.378 Thread 0x000000001b6ef800 Exception <a 'java/lang/NoSuchMethodError': <clinit>> (0x00000000e0c31308) thrown at [D:\src\AOSP-openjdk-cygwin\jdk8u\hotspot\src\share\vm\prims\jni.cpp, line 1614]
Event: 3.378 Thread 0x000000001b6ef800 Exception <a 'java/lang/NoSuchMethodError': <clinit>> (0x00000000e0c32908) thrown at [D:\src\AOSP-openjdk-cygwin\jdk8u\hotspot\src\share\vm\prims\jni.cpp, line 1614]
Event: 3.378 Thread 0x000000001b6ef800 Exception <a 'java/lang/NoSuchMethodError': <clinit>> (0x00000000e0c33da8) thrown at [D:\src\AOSP-openjdk-cygwin\jdk8u\hotspot\src\share\vm\prims\jni.cpp, line 1614]

Events (10 events):
Event: 3.403 loading class org/gradle/api/internal/initialization/DeprecatedClassLoaderScope
Event: 3.403 loading class org/gradle/api/internal/initialization/DeprecatedClassLoaderScope done
Event: 3.404 loading class org/gradle/api/internal/initialization/DefaultDeprecatedClassLoader
Event: 3.404 loading class org/gradle/api/internal/initialization/DefaultDeprecatedClassLoader done
Event: 3.404 loading class org/gradle/internal/classloader/DeprecatedClassloader
Event: 3.404 loading class org/gradle/internal/classloader/DeprecatedClassloader done
Event: 3.404 loading class org/gradle/api/internal/initialization/RootScriptDomainObjectContext
Event: 3.404 loading class org/gradle/api/internal/initialization/RootScriptDomainObjectContext done
Event: 3.405 loading class org/gradle/api/internal/artifacts/DefaultDependencyManagementServices$ArtifactTransformResolutionGradleUserHomeServices
Event: 3.405 loading class org/gradle/api/internal/artifacts/DefaultDependencyManagementServices$ArtifactTransformResolutionGradleUserHomeServices done


Dynamic libraries:
0x00007ff7e1f70000 - 0x00007ff7e1fa1000 	C:\Program Files\Android\Android Studio\jre\bin\java.exe
0x00007ffd31680000 - 0x00007ffd31870000 	C:\WINDOWS\SYSTEM32\ntdll.dll
0x00007ffd311d0000 - 0x00007ffd31282000 	C:\WINDOWS\System32\KERNEL32.DLL
0x00007ffd2e8e0000 - 0x00007ffd2eb83000 	C:\WINDOWS\System32\KERNELBASE.dll
0x00007ffd31470000 - 0x00007ffd31513000 	C:\WINDOWS\System32\ADVAPI32.dll
0x00007ffd2f730000 - 0x00007ffd2f7ce000 	C:\WINDOWS\System32\msvcrt.dll
0x00007ffd31130000 - 0x00007ffd311c7000 	C:\WINDOWS\System32\sechost.dll
0x00007ffd2fb00000 - 0x00007ffd2fc20000 	C:\WINDOWS\System32\RPCRT4.dll
0x00007ffd305b0000 - 0x00007ffd30744000 	C:\WINDOWS\System32\USER32.dll
0x00007ffd2f660000 - 0x00007ffd2f681000 	C:\WINDOWS\System32\win32u.dll
0x00007ffd313e0000 - 0x00007ffd31406000 	C:\WINDOWS\System32\GDI32.dll
0x00007ffd2ec90000 - 0x00007ffd2ee24000 	C:\WINDOWS\System32\gdi32full.dll
0x00007ffd2f690000 - 0x00007ffd2f72e000 	C:\WINDOWS\System32\msvcp_win.dll
0x00007ffd2eb90000 - 0x00007ffd2ec8a000 	C:\WINDOWS\System32\ucrtbase.dll
0x00007ffd19320000 - 0x00007ffd195a5000 	C:\WINDOWS\WinSxS\amd64_microsoft.windows.common-controls_6595b64144ccf1df_6.0.18362.720_none_e6beb5c51314836b\COMCTL32.dll
0x00007ffd30970000 - 0x00007ffd30ca6000 	C:\WINDOWS\System32\combase.dll
0x00007ffd2e800000 - 0x00007ffd2e880000 	C:\WINDOWS\System32\bcryptPrimitives.dll
0x00007ffd2fc20000 - 0x00007ffd2fc4e000 	C:\WINDOWS\System32\IMM32.DLL
0x0000000058110000 - 0x00000000581e2000 	C:\Program Files\Android\Android Studio\jre\jre\bin\msvcr100.dll
0x00000000582f0000 - 0x0000000058b36000 	C:\Program Files\Android\Android Studio\jre\jre\bin\server\jvm.dll
0x00007ffd30470000 - 0x00007ffd30478000 	C:\WINDOWS\System32\PSAPI.DLL
0x00007ffd16e80000 - 0x00007ffd16e89000 	C:\WINDOWS\SYSTEM32\WSOCK32.dll
0x00007ffd2b0a0000 - 0x00007ffd2b0c4000 	C:\WINDOWS\SYSTEM32\WINMM.dll
0x00007ffd27780000 - 0x00007ffd2778a000 	C:\WINDOWS\SYSTEM32\VERSION.dll
0x00007ffd30750000 - 0x00007ffd307bf000 	C:\WINDOWS\System32\WS2_32.dll
0x00007ffd2b070000 - 0x00007ffd2b09d000 	C:\WINDOWS\SYSTEM32\winmmbase.dll
0x00007ffd2e630000 - 0x00007ffd2e67a000 	C:\WINDOWS\System32\cfgmgr32.dll
0x00007ffd26c60000 - 0x00007ffd26c6f000 	C:\Program Files\Android\Android Studio\jre\jre\bin\verify.dll
0x00007ffd1cdb0000 - 0x00007ffd1cdd9000 	C:\Program Files\Android\Android Studio\jre\jre\bin\java.dll
0x00007ffd246d0000 - 0x00007ffd246e6000 	C:\Program Files\Android\Android Studio\jre\jre\bin\zip.dll
0x00007ffd2fd20000 - 0x00007ffd30405000 	C:\WINDOWS\System32\SHELL32.dll
0x00007ffd30480000 - 0x00007ffd30529000 	C:\WINDOWS\System32\shcore.dll
0x00007ffd2eee0000 - 0x00007ffd2f660000 	C:\WINDOWS\System32\windows.storage.dll
0x00007ffd2e590000 - 0x00007ffd2e5b3000 	C:\WINDOWS\System32\profapi.dll
0x00007ffd2e5c0000 - 0x00007ffd2e60a000 	C:\WINDOWS\System32\powrprof.dll
0x00007ffd2e540000 - 0x00007ffd2e550000 	C:\WINDOWS\System32\UMPDC.dll
0x00007ffd2fa20000 - 0x00007ffd2fa72000 	C:\WINDOWS\System32\shlwapi.dll
0x00007ffd2e570000 - 0x00007ffd2e581000 	C:\WINDOWS\System32\kernel.appcore.dll
0x00007ffd2e610000 - 0x00007ffd2e627000 	C:\WINDOWS\System32\cryptsp.dll
0x00007ffd1dc70000 - 0x00007ffd1dc8a000 	C:\Program Files\Android\Android Studio\jre\jre\bin\net.dll
0x00007ffd1e770000 - 0x00007ffd1e945000 	C:\WINDOWS\SYSTEM32\urlmon.dll
0x00007ffd1ee50000 - 0x00007ffd1f0f6000 	C:\WINDOWS\SYSTEM32\iertutil.dll
0x00007ffd2df80000 - 0x00007ffd2df8c000 	C:\WINDOWS\SYSTEM32\CRYPTBASE.DLL
0x00007ffd2ddb0000 - 0x00007ffd2de17000 	C:\WINDOWS\system32\mswsock.dll
0x00007ffd1cd90000 - 0x00007ffd1cda3000 	C:\Program Files\Android\Android Studio\jre\jre\bin\nio.dll
0x00007ffd1ec40000 - 0x00007ffd1ec66000 	C:\Users\serhat\.gradle\native\30\windows-amd64\native-platform.dll
0x00007ffd269d0000 - 0x00007ffd269dd000 	C:\Program Files\Android\Android Studio\jre\jre\bin\management.dll
0x00007ffd2d920000 - 0x00007ffd2d953000 	C:\WINDOWS\system32\rsaenh.dll
0x00007ffd2e680000 - 0x00007ffd2e6a6000 	C:\WINDOWS\System32\bcrypt.dll
0x00007ffd2e460000 - 0x00007ffd2e485000 	C:\WINDOWS\SYSTEM32\USERENV.dll
0x00007ffd2dac0000 - 0x00007ffd2dafa000 	C:\WINDOWS\SYSTEM32\IPHLPAPI.DLL
0x00007ffd30cb0000 - 0x00007ffd30cb8000 	C:\WINDOWS\System32\NSI.dll
0x00007ffd25f20000 - 0x00007ffd25f36000 	C:\WINDOWS\SYSTEM32\dhcpcsvc6.DLL
0x00007ffd25ea0000 - 0x00007ffd25ebc000 	C:\WINDOWS\SYSTEM32\dhcpcsvc.DLL
0x00007ffd2db00000 - 0x00007ffd2dbca000 	C:\WINDOWS\SYSTEM32\DNSAPI.dll

VM Arguments:
jvm_args: -Xmx1536m -Dfile.encoding=windows-1252 -Duser.country=US -Duser.language=en -Duser.variant 
java_command: org.gradle.launcher.daemon.bootstrap.GradleDaemon 5.6.4
java_class_path (initial): C:\Users\serhat\.gradle\wrapper\dists\gradle-5.6.4-all\ankdp27end7byghfw1q2sw75f\gradle-5.6.4\lib\gradle-launcher-5.6.4.jar
Launcher Type: SUN_STANDARD

Environment Variables:
PATH=C:\Windows\system32;C:\Windows;C:\Windows\System32\Wbem;C:\Windows\System32\WindowsPowerShell\v1.0\;C:\Windows\System32\OpenSSH\;C:\Program Files (x86)\NVIDIA Corporation\PhysX\Common;C:\Program Files\NVIDIA Corporation\NVIDIA NvDLISR;C:\Program Files\dotnet\;C:\Program Files\Microsoft SQL Server\130\Tools\Binn\;C:\Program Files\Intel\WiFi\bin\;C:\Program Files\Common Files\Intel\WirelessCommon\;C:\Program Files\Git\cmd;C:\WINDOWS\system32;C:\WINDOWS;C:\WINDOWS\System32\Wbem;C:\WINDOWS\System32\WindowsPowerShell\v1.0\;C:\WINDOWS\System32\OpenSSH\;C:\Users\serhat\AppData\Local\Microsoft\WindowsApps;C:\Program Files\Intel\WiFi\bin\;C:\Program Files\Common Files\Intel\WirelessCommon\;
USERNAME=serhat
OS=Windows_NT
PROCESSOR_IDENTIFIER=Intel64 Family 6 Model 94 Stepping 3, GenuineIntel



---------------  S Y S T E M  ---------------

OS: Windows 10.0 , 64 bit Build 18362 (10.0.18362.329)

CPU:total 8 (initial active 8) (4 cores per cpu, 2 threads per core) family 6 model 94 stepping 3, cmov, cx8, fxsr, mmx, sse, sse2, sse3, ssse3, sse4.1, sse4.2, popcnt, avx, avx2, aes, clmul, erms, rtm, 3dnowpref, lzcnt, ht, tsc, tscinvbit, bmi1, bmi2, adx

Memory: 4k page, physical 8233060k(1226708k free), swap 33398884k(5192k free)

vm_info: OpenJDK 64-Bit Server VM (25.212-b04) for windows-amd64 JRE (1.8.0_212-release-1586-b04), built by "builder" with MS VC++ 10.0 (VS2010)

time: Sun Mar 29 23:32:37 2020
timezone: Turkey Standard Time
elapsed time: 3 seconds (0d 0h 0m 3s)

