#
# There is insufficient memory for the Java Runtime Environment to continue.
# Native memory allocation (malloc) failed to allocate 118992 bytes for Chunk::new
# Possible reasons:
#   The system is out of physical RAM or swap space
#   The process is running with CompressedOops enabled, and the Java Heap may be blocking the growth of the native heap
# Possible solutions:
#   Reduce memory load on the system
#   Increase physical memory or swap space
#   Check if swap backing store is full
#   Decrease Java heap size (-Xmx/-Xms)
#   Decrease number of Java threads
#   Decrease Java thread stack sizes (-Xss)
#   Set larger code cache with -XX:ReservedCodeCacheSize=
#   JVM is running with Unscaled Compressed Oops mode in which the Java heap is
#     placed in the first 4GB address space. The Java Heap base address is the
#     maximum limit for the native heap growth. Please use -XX:HeapBaseMinAddress
#     to set the Java Heap base and to place the Java Heap above 4GB virtual address.
# This output file may be truncated or incomplete.
#
#  Out of Memory Error (allocation.cpp:389), pid=14472, tid=0x000000000000345c
#
# JRE version: OpenJDK Runtime Environment (8.0_212-b04) (build 1.8.0_212-release-1586-b04)
# Java VM: OpenJDK 64-Bit Server VM (25.212-b04 mixed mode windows-amd64 compressed oops)
# Failed to write core dump. Minidumps are not enabled by default on client versions of Windows
#

---------------  T H R E A D  ---------------

Current thread (0x0000000018f13000):  JavaThread "C2 CompilerThread2" daemon [_thread_in_native, id=13404, stack(0x00000000199e0000,0x0000000019ae0000)]

Stack: [0x00000000199e0000,0x0000000019ae0000]
[error occurred during error reporting (printing stack bounds), id 0xc0000005]

Native frames: (J=compiled Java code, j=interpreted, Vv=VM code, C=native code)


Current CompileTask:
C2:   3107 1619       4       java.io.DataOutputStream::writeShort (35 bytes)


---------------  P R O C E S S  ---------------

Java Threads: ( => current thread )
  0x000000001aa5b000 JavaThread "Cache worker for file hash cache (C:\Users\serhat\AndroidStudioProjects\200IQ\.gradle\5.6.4\fileHashes)" [_thread_blocked, id=14868, stack(0x000000001edd0000,0x000000001eed0000)]
  0x000000001aa5f800 JavaThread "Cache worker for journal cache (C:\Users\serhat\.gradle\caches\journal-1)" [_thread_blocked, id=14644, stack(0x000000001db00000,0x000000001dc00000)]
  0x000000001aa5a800 JavaThread "File lock request listener" [_thread_in_native, id=1484, stack(0x000000001da00000,0x000000001db00000)]
  0x000000001aa5f000 JavaThread "Cache worker for file hash cache (C:\Users\serhat\.gradle\caches\5.6.4\fileHashes)" [_thread_blocked, id=13484, stack(0x000000001d900000,0x000000001da00000)]
  0x000000001b8d5800 JavaThread "Thread-9" [_thread_blocked, id=14500, stack(0x000000001d800000,0x000000001d900000)]
  0x000000001b8c9000 JavaThread "Stdin handler" [_thread_blocked, id=15724, stack(0x000000001d700000,0x000000001d800000)]
  0x000000001b8c8800 JavaThread "Asynchronous log dispatcher for DefaultDaemonConnection: socket connection from /127.0.0.1:55190 to /127.0.0.1:55191" [_thread_blocked, id=17028, stack(0x000000001d500000,0x000000001d600000)]
  0x000000001b8c7000 JavaThread "Daemon worker" [_thread_in_vm, id=9576, stack(0x000000001d400000,0x000000001d500000)]
  0x000000001b7de800 JavaThread "Cancel handler" [_thread_blocked, id=14980, stack(0x000000001d300000,0x000000001d400000)]
  0x000000001b7fe000 JavaThread "Handler for socket connection from /127.0.0.1:55190 to /127.0.0.1:55191" [_thread_in_native, id=18684, stack(0x000000001d000000,0x000000001d100000)]
  0x000000001b7fd000 JavaThread "Daemon" [_thread_blocked, id=9144, stack(0x000000001cf00000,0x000000001d000000)]
  0x000000001b795000 JavaThread "Daemon periodic checks" [_thread_blocked, id=8932, stack(0x000000001ce00000,0x000000001cf00000)]
  0x000000001b792000 JavaThread "Incoming local TCP Connector on port 55190" [_thread_in_native, id=18256, stack(0x000000001cbc0000,0x000000001ccc0000)]
  0x000000001b739000 JavaThread "Daemon health stats" [_thread_blocked, id=11588, stack(0x000000001c580000,0x000000001c680000)]
  0x0000000018f5b000 JavaThread "Service Thread" daemon [_thread_blocked, id=14564, stack(0x0000000019be0000,0x0000000019ce0000)]
  0x0000000018f14000 JavaThread "C1 CompilerThread3" daemon [_thread_blocked, id=17148, stack(0x0000000019ae0000,0x0000000019be0000)]
=>0x0000000018f13000 JavaThread "C2 CompilerThread2" daemon [_thread_in_native, id=13404, stack(0x00000000199e0000,0x0000000019ae0000)]
  0x0000000018f0f000 JavaThread "C2 CompilerThread1" daemon [_thread_in_native, id=5920, stack(0x00000000198e0000,0x00000000199e0000)]
  0x0000000018f0c000 JavaThread "C2 CompilerThread0" daemon [_thread_in_native, id=18476, stack(0x00000000197e0000,0x00000000198e0000)]
  0x0000000018f0b000 JavaThread "Attach Listener" daemon [_thread_blocked, id=13332, stack(0x00000000196e0000,0x00000000197e0000)]
  0x0000000018f16800 JavaThread "Signal Dispatcher" daemon [_thread_blocked, id=9968, stack(0x00000000195e0000,0x00000000196e0000)]
  0x0000000018f01000 JavaThread "Finalizer" daemon [_thread_blocked, id=10720, stack(0x00000000193e0000,0x00000000194e0000)]
  0x0000000018f00800 JavaThread "Reference Handler" daemon [_thread_blocked, id=18724, stack(0x00000000192e0000,0x00000000193e0000)]
  0x000000000318e800 JavaThread "main" [_thread_blocked, id=6880, stack(0x0000000003020000,0x0000000003120000)]

Other Threads:
  0x00000000170c6000 VMThread [stack: 0x0000000018de0000,0x0000000018ee0000] [id=7964]
  0x0000000018f5c000 WatcherThread [stack: 0x0000000019ce0000,0x0000000019de0000] [id=14280]

VM state:not at safepoint (normal execution)

VM Mutex/Monitor currently owned by a thread: None

heap address: 0x00000000a0000000, size: 1536 MB, Compressed Oops mode: 32-bit
Narrow klass base: 0x0000000000000000, Narrow klass shift: 3
Compressed class space size: 1073741824 Address: 0x0000000100000000

Heap:
 PSYoungGen      total 37888K, used 10658K [0x00000000e0000000, 0x00000000e4a00000, 0x0000000100000000)
  eden space 32768K, 16% used [0x00000000e0000000,0x00000000e0570920,0x00000000e2000000)
  from space 5120K, 99% used [0x00000000e2000000,0x00000000e24f8040,0x00000000e2500000)
  to   space 5120K, 0% used [0x00000000e2500000,0x00000000e2500000,0x00000000e2a00000)
 ParOldGen       total 86016K, used 7445K [0x00000000a0000000, 0x00000000a5400000, 0x00000000e0000000)
  object space 86016K, 8% used [0x00000000a0000000,0x00000000a07456c0,0x00000000a5400000)
 Metaspace       used 18095K, capacity 18544K, committed 18688K, reserved 1064960K
  class space    used 2608K, capacity 2756K, committed 2816K, reserved 1048576K

Card table byte_map: [0x00000000126d0000,0x00000000129e0000] byte_map_base: 0x00000000121d0000

Marking Bits: (ParMarkBitMap*) 0x0000000058ab9f30
 Begin Bits: [0x00000000133e0000, 0x0000000014be0000)
 End Bits:   [0x0000000014be0000, 0x00000000163e0000)

Polling page: 0x0000000001860000

CodeCache: size=245760Kb used=5459Kb max_used=5459Kb free=240300Kb
 bounds [0x0000000003310000, 0x0000000003870000, 0x0000000012310000]
 total_blobs=2021 nmethods=1616 adapters=318
 compilation: enabled

Compilation events (10 events):
Event: 3.091 Thread 0x0000000018f14000 nmethod 1614 0x0000000003866710 code [0x00000000038668c0, 0x0000000003867008]
Event: 3.093 Thread 0x0000000018f14000 1615       1       java.lang.reflect.Constructor::getConstructorAccessor (5 bytes)
Event: 3.094 Thread 0x0000000018f14000 nmethod 1615 0x000000000385fd10 code [0x000000000385fe60, 0x000000000385ff70]
Event: 3.097 Thread 0x0000000018f14000 1616       3       java.util.concurrent.locks.ReentrantLock$Sync::<init> (5 bytes)
Event: 3.098 Thread 0x0000000018f14000 nmethod 1616 0x0000000003866210 code [0x0000000003866380, 0x00000000038665f0]
Event: 3.100 Thread 0x0000000018f14000 1617       3       java.util.concurrent.locks.ReentrantLock$NonfairSync::<init> (5 bytes)
Event: 3.100 Thread 0x0000000018f14000 nmethod 1617 0x0000000003865c90 code [0x0000000003865e00, 0x00000000038660d0]
Event: 3.100 Thread 0x0000000018f14000 1618       3       sun.misc.ProxyGenerator$ConstantPool::getFieldRef (33 bytes)
Event: 3.100 Thread 0x0000000018f13000 1619       4       java.io.DataOutputStream::writeShort (35 bytes)
Event: 3.101 Thread 0x0000000018f14000 nmethod 1618 0x0000000003867150 code [0x00000000038673e0, 0x0000000003868188]

GC Heap History (10 events):
Event: 0.789 GC heap before
{Heap before GC invocations=1 (full 0):
 PSYoungGen      total 37888K, used 32768K [0x00000000e0000000, 0x00000000e2a00000, 0x0000000100000000)
  eden space 32768K, 100% used [0x00000000e0000000,0x00000000e2000000,0x00000000e2000000)
  from space 5120K, 0% used [0x00000000e2500000,0x00000000e2500000,0x00000000e2a00000)
  to   space 5120K, 0% used [0x00000000e2000000,0x00000000e2000000,0x00000000e2500000)
 ParOldGen       total 86016K, used 0K [0x00000000a0000000, 0x00000000a5400000, 0x00000000e0000000)
  object space 86016K, 0% used [0x00000000a0000000,0x00000000a0000000,0x00000000a5400000)
 Metaspace       used 6700K, capacity 6896K, committed 7040K, reserved 1056768K
  class space    used 817K, capacity 876K, committed 896K, reserved 1048576K
Event: 0.795 GC heap after
Heap after GC invocations=1 (full 0):
 PSYoungGen      total 37888K, used 4285K [0x00000000e0000000, 0x00000000e2a00000, 0x0000000100000000)
  eden space 32768K, 0% used [0x00000000e0000000,0x00000000e0000000,0x00000000e2000000)
  from space 5120K, 83% used [0x00000000e2000000,0x00000000e242f690,0x00000000e2500000)
  to   space 5120K, 0% used [0x00000000e2500000,0x00000000e2500000,0x00000000e2a00000)
 ParOldGen       total 86016K, used 8K [0x00000000a0000000, 0x00000000a5400000, 0x00000000e0000000)
  object space 86016K, 0% used [0x00000000a0000000,0x00000000a0002000,0x00000000a5400000)
 Metaspace       used 6700K, capacity 6896K, committed 7040K, reserved 1056768K
  class space    used 817K, capacity 876K, committed 896K, reserved 1048576K
}
Event: 1.081 GC heap before
{Heap before GC invocations=2 (full 0):
 PSYoungGen      total 37888K, used 37053K [0x00000000e0000000, 0x00000000e2a00000, 0x0000000100000000)
  eden space 32768K, 100% used [0x00000000e0000000,0x00000000e2000000,0x00000000e2000000)
  from space 5120K, 83% used [0x00000000e2000000,0x00000000e242f690,0x00000000e2500000)
  to   space 5120K, 0% used [0x00000000e2500000,0x00000000e2500000,0x00000000e2a00000)
 ParOldGen       total 86016K, used 8K [0x00000000a0000000, 0x00000000a5400000, 0x00000000e0000000)
  object space 86016K, 0% used [0x00000000a0000000,0x00000000a0002000,0x00000000a5400000)
 Metaspace       used 7014K, capacity 7210K, committed 7424K, reserved 1056768K
  class space    used 865K, capacity 917K, committed 1024K, reserved 1048576K
Event: 1.084 GC heap after
Heap after GC invocations=2 (full 0):
 PSYoungGen      total 37888K, used 3393K [0x00000000e0000000, 0x00000000e2a00000, 0x0000000100000000)
  eden space 32768K, 0% used [0x00000000e0000000,0x00000000e0000000,0x00000000e2000000)
  from space 5120K, 66% used [0x00000000e2500000,0x00000000e2850510,0x00000000e2a00000)
  to   space 5120K, 0% used [0x00000000e2000000,0x00000000e2000000,0x00000000e2500000)
 ParOldGen       total 86016K, used 16K [0x00000000a0000000, 0x00000000a5400000, 0x00000000e0000000)
  object space 86016K, 0% used [0x00000000a0000000,0x00000000a0004000,0x00000000a5400000)
 Metaspace       used 7014K, capacity 7210K, committed 7424K, reserved 1056768K
  class space    used 865K, capacity 917K, committed 1024K, reserved 1048576K
}
Event: 2.382 GC heap before
{Heap before GC invocations=3 (full 0):
 PSYoungGen      total 37888K, used 36161K [0x00000000e0000000, 0x00000000e2a00000, 0x0000000100000000)
  eden space 32768K, 100% used [0x00000000e0000000,0x00000000e2000000,0x00000000e2000000)
  from space 5120K, 66% used [0x00000000e2500000,0x00000000e2850510,0x00000000e2a00000)
  to   space 5120K, 0% used [0x00000000e2000000,0x00000000e2000000,0x00000000e2500000)
 ParOldGen       total 86016K, used 16K [0x00000000a0000000, 0x00000000a5400000, 0x00000000e0000000)
  object space 86016K, 0% used [0x00000000a0000000,0x00000000a0004000,0x00000000a5400000)
 Metaspace       used 12274K, capacity 12698K, committed 12928K, reserved 1060864K
  class space    used 1652K, capacity 1803K, committed 1920K, reserved 1048576K
Event: 2.388 GC heap after
Heap after GC invocations=3 (full 0):
 PSYoungGen      total 37888K, used 5104K [0x00000000e0000000, 0x00000000e2a00000, 0x0000000100000000)
  eden space 32768K, 0% used [0x00000000e0000000,0x00000000e0000000,0x00000000e2000000)
  from space 5120K, 99% used [0x00000000e2000000,0x00000000e24fc010,0x00000000e2500000)
  to   space 5120K, 0% used [0x00000000e2500000,0x00000000e2500000,0x00000000e2a00000)
 ParOldGen       total 86016K, used 1399K [0x00000000a0000000, 0x00000000a5400000, 0x00000000e0000000)
  object space 86016K, 1% used [0x00000000a0000000,0x00000000a015dee0,0x00000000a5400000)
 Metaspace       used 12274K, capacity 12698K, committed 12928K, reserved 1060864K
  class space    used 1652K, capacity 1803K, committed 1920K, reserved 1048576K
}
Event: 2.670 GC heap before
{Heap before GC invocations=4 (full 0):
 PSYoungGen      total 37888K, used 37872K [0x00000000e0000000, 0x00000000e2a00000, 0x0000000100000000)
  eden space 32768K, 100% used [0x00000000e0000000,0x00000000e2000000,0x00000000e2000000)
  from space 5120K, 99% used [0x00000000e2000000,0x00000000e24fc010,0x00000000e2500000)
  to   space 5120K, 0% used [0x00000000e2500000,0x00000000e2500000,0x00000000e2a00000)
 ParOldGen       total 86016K, used 1399K [0x00000000a0000000, 0x00000000a5400000, 0x00000000e0000000)
  object space 86016K, 1% used [0x00000000a0000000,0x00000000a015dee0,0x00000000a5400000)
 Metaspace       used 14573K, capacity 14916K, committed 14976K, reserved 1062912K
  class space    used 2044K, capacity 2160K, committed 2176K, reserved 1048576K
Event: 2.677 GC heap after
Heap after GC invocations=4 (full 0):
 PSYoungGen      total 37888K, used 5104K [0x00000000e0000000, 0x00000000e4a00000, 0x0000000100000000)
  eden space 32768K, 0% used [0x00000000e0000000,0x00000000e0000000,0x00000000e2000000)
  from space 5120K, 99% used [0x00000000e2500000,0x00000000e29fc010,0x00000000e2a00000)
  to   space 5120K, 0% used [0x00000000e2000000,0x00000000e2000000,0x00000000e2500000)
 ParOldGen       total 86016K, used 3888K [0x00000000a0000000, 0x00000000a5400000, 0x00000000e0000000)
  object space 86016K, 4% used [0x00000000a0000000,0x00000000a03cc2b8,0x00000000a5400000)
 Metaspace       used 14573K, capacity 14916K, committed 14976K, reserved 1062912K
  class space    used 2044K, capacity 2160K, committed 2176K, reserved 1048576K
}
Event: 3.019 GC heap before
{Heap before GC invocations=5 (full 0):
 PSYoungGen      total 37888K, used 37872K [0x00000000e0000000, 0x00000000e4a00000, 0x0000000100000000)
  eden space 32768K, 100% used [0x00000000e0000000,0x00000000e2000000,0x00000000e2000000)
  from space 5120K, 99% used [0x00000000e2500000,0x00000000e29fc010,0x00000000e2a00000)
  to   space 5120K, 0% used [0x00000000e2000000,0x00000000e2000000,0x00000000e2500000)
 ParOldGen       total 86016K, used 3888K [0x00000000a0000000, 0x00000000a5400000, 0x00000000e0000000)
  object space 86016K, 4% used [0x00000000a0000000,0x00000000a03cc2b8,0x00000000a5400000)
 Metaspace       used 17612K, capacity 18030K, committed 18432K, reserved 1064960K
  class space    used 2528K, capacity 2691K, committed 2816K, reserved 1048576K
Event: 3.028 GC heap after
Heap after GC invocations=5 (full 0):
 PSYoungGen      total 37888K, used 5088K [0x00000000e0000000, 0x00000000e4a00000, 0x0000000100000000)
  eden space 32768K, 0% used [0x00000000e0000000,0x00000000e0000000,0x00000000e2000000)
  from space 5120K, 99% used [0x00000000e2000000,0x00000000e24f8040,0x00000000e2500000)
  to   space 5120K, 0% used [0x00000000e2500000,0x00000000e2500000,0x00000000e2a00000)
 ParOldGen       total 86016K, used 7445K [0x00000000a0000000, 0x00000000a5400000, 0x00000000e0000000)
  object space 86016K, 8% used [0x00000000a0000000,0x00000000a07456c0,0x00000000a5400000)
 Metaspace       used 17612K, capacity 18030K, committed 18432K, reserved 1064960K
  class space    used 2528K, capacity 2691K, committed 2816K, reserved 1048576K
}

Deoptimization events (10 events):
Event: 2.516 Thread 0x000000001b8c7000 Uncommon trap: reason=class_check action=maybe_recompile pc=0x00000000035dd5d8 method=java.util.regex.Matcher.match(II)Z @ 86
Event: 2.527 Thread 0x000000001b8c7000 Uncommon trap: reason=class_check action=maybe_recompile pc=0x00000000035dd5d8 method=java.util.regex.Matcher.match(II)Z @ 86
Event: 2.528 Thread 0x000000001b8c7000 Uncommon trap: reason=class_check action=maybe_recompile pc=0x00000000035dd5d8 method=java.util.regex.Matcher.match(II)Z @ 86
Event: 2.528 Thread 0x000000001b8c7000 Uncommon trap: reason=class_check action=maybe_recompile pc=0x000000000347fd1c method=java.util.regex.Matcher.match(II)Z @ 86
Event: 2.756 Thread 0x000000001b8c7000 Uncommon trap: reason=unstable_if action=reinterpret pc=0x00000000037703f4 method=java.lang.String.lastIndexOf([CII[CIII)I @ 66
Event: 2.837 Thread 0x000000001b8c7000 Uncommon trap: reason=unstable_if action=reinterpret pc=0x0000000003772db4 method=java.util.HashMap.putVal(ILjava/lang/Object;Ljava/lang/Object;ZZ)Ljava/lang/Object; @ 236
Event: 3.043 Thread 0x000000001b8c7000 Uncommon trap: reason=unstable_if action=reinterpret pc=0x0000000003483188 method=java.net.URI.match(CJJ)Z @ 19
Event: 3.044 Thread 0x000000001b8c7000 Uncommon trap: reason=unstable_if action=reinterpret pc=0x0000000003560740 method=java.net.URI.match(CJJ)Z @ 19
Event: 3.044 Thread 0x000000001b8c7000 Uncommon trap: reason=unstable_if action=reinterpret pc=0x0000000003481cc8 method=java.net.URI.match(CJJ)Z @ 19
Event: 3.102 Thread 0x000000001b8c7000 Uncommon trap: reason=unstable_if action=reinterpret pc=0x00000000035c68d8 method=java.io.File.getName()Ljava/lang/String; @ 16

Classes redefined (0 events):
No events

Internal exceptions (10 events):
Event: 2.302 Thread 0x000000001b7fe000 Exception <a 'java/lang/NoSuchMethodError': <clinit>> (0x00000000e18ed148) thrown at [D:\src\AOSP-openjdk-cygwin\jdk8u\hotspot\src\share\vm\prims\jni.cpp, line 1614]
Event: 2.303 Thread 0x000000001b7fe000 Exception <a 'java/lang/NoSuchMethodError': <clinit>> (0x00000000e18f5e30) thrown at [D:\src\AOSP-openjdk-cygwin\jdk8u\hotspot\src\share\vm\prims\jni.cpp, line 1614]
Event: 2.305 Thread 0x000000001b7fe000 Exception <a 'java/lang/NoSuchMethodError': <clinit>> (0x00000000e190c520) thrown at [D:\src\AOSP-openjdk-cygwin\jdk8u\hotspot\src\share\vm\prims\jni.cpp, line 1614]
Event: 2.312 Thread 0x000000001b7fe000 Exception <a 'java/lang/NoSuchMethodError': <clinit>> (0x00000000e196a720) thrown at [D:\src\AOSP-openjdk-cygwin\jdk8u\hotspot\src\share\vm\prims\jni.cpp, line 1614]
Event: 2.315 Thread 0x000000001b7fe000 Exception <a 'java/lang/NoSuchMethodError': <clinit>> (0x00000000e1997420) thrown at [D:\src\AOSP-openjdk-cygwin\jdk8u\hotspot\src\share\vm\prims\jni.cpp, line 1614]
Event: 2.319 Thread 0x000000001b7fe000 Exception <a 'java/lang/NoSuchMethodError': <clinit>> (0x00000000e19c5c10) thrown at [D:\src\AOSP-openjdk-cygwin\jdk8u\hotspot\src\share\vm\prims\jni.cpp, line 1614]
Event: 2.319 Thread 0x000000001b7fe000 Exception <a 'java/lang/NoSuchMethodError': <clinit>> (0x00000000e19d1018) thrown at [D:\src\AOSP-openjdk-cygwin\jdk8u\hotspot\src\share\vm\prims\jni.cpp, line 1614]
Event: 2.731 Thread 0x000000001b8c7000 Exception <a 'java/lang/NoSuchMethodError': java.lang.Object.lambda$and$0(Ljava/util/function/Predicate;Ljava/lang/Object;)Z> (0x00000000e06280f8) thrown at [D:\src\AOSP-openjdk-cygwin\jdk8u\hotspot\src\share\vm\interpreter\linkResolver.cpp, line 620]
Event: 2.736 Thread 0x000000001b8c7000 Exception <a 'java/lang/IncompatibleClassChangeError': Found class java.lang.Object, but interface was expected> (0x00000000e063e3e8) thrown at [D:\src\AOSP-openjdk-cygwin\jdk8u\hotspot\src\share\vm\interpreter\linkResolver.cpp, line 653]
Event: 2.738 Thread 0x000000001b8c7000 Exception <a 'java/lang/NoSuchMethodError': java.lang.Object.lambda$or$2(Ljava/util/function/Predicate;Ljava/lang/Object;)Z> (0x00000000e06432f8) thrown at [D:\src\AOSP-openjdk-cygwin\jdk8u\hotspot\src\share\vm\interpreter\linkResolver.cpp, line 620]

Events (10 events):
Event: 3.103 loading class org/gradle/launcher/exec/RunAsBuildOperationBuildActionRunner$3
Event: 3.103 loading class org/gradle/launcher/exec/RunAsBuildOperationBuildActionRunner$3 done
Event: 3.104 loading class org/gradle/internal/operations/DefaultBuildOperationExecutor$CallableBuildOperationWorker
Event: 3.104 loading class org/gradle/internal/operations/DefaultBuildOperationExecutor$CallableBuildOperationWorker done
Event: 3.104 loading class org/gradle/internal/operations/BuildOperationDescriptor
Event: 3.104 loading class org/gradle/internal/operations/BuildOperationDescriptor done
Event: 3.105 loading class org/gradle/internal/operations/BuildOperationDescriptor$Builder
Event: 3.105 loading class org/gradle/internal/operations/BuildOperationDescriptor$Builder done
Event: 3.105 loading class org/gradle/internal/operations/BuildOperationCategory
Event: 3.105 loading class org/gradle/internal/operations/BuildOperationCategory done


Dynamic libraries:
0x00007ff7e1f70000 - 0x00007ff7e1fa1000 	C:\Program Files\Android\Android Studio\jre\bin\java.exe
0x00007ffd31680000 - 0x00007ffd31870000 	C:\WINDOWS\SYSTEM32\ntdll.dll
0x00007ffd311d0000 - 0x00007ffd31282000 	C:\WINDOWS\System32\KERNEL32.DLL
0x00007ffd2e8e0000 - 0x00007ffd2eb83000 	C:\WINDOWS\System32\KERNELBASE.dll
0x00007ffd31470000 - 0x00007ffd31513000 	C:\WINDOWS\System32\ADVAPI32.dll
0x00007ffd2f730000 - 0x00007ffd2f7ce000 	C:\WINDOWS\System32\msvcrt.dll
0x00007ffd31130000 - 0x00007ffd311c7000 	C:\WINDOWS\System32\sechost.dll
0x00007ffd2fb00000 - 0x00007ffd2fc20000 	C:\WINDOWS\System32\RPCRT4.dll
0x00007ffd305b0000 - 0x00007ffd30744000 	C:\WINDOWS\System32\USER32.dll
0x00007ffd2f660000 - 0x00007ffd2f681000 	C:\WINDOWS\System32\win32u.dll
0x00007ffd313e0000 - 0x00007ffd31406000 	C:\WINDOWS\System32\GDI32.dll
0x00007ffd2ec90000 - 0x00007ffd2ee24000 	C:\WINDOWS\System32\gdi32full.dll
0x00007ffd2f690000 - 0x00007ffd2f72e000 	C:\WINDOWS\System32\msvcp_win.dll
0x00007ffd2eb90000 - 0x00007ffd2ec8a000 	C:\WINDOWS\System32\ucrtbase.dll
0x00007ffd19320000 - 0x00007ffd195a5000 	C:\WINDOWS\WinSxS\amd64_microsoft.windows.common-controls_6595b64144ccf1df_6.0.18362.720_none_e6beb5c51314836b\COMCTL32.dll
0x00007ffd30970000 - 0x00007ffd30ca6000 	C:\WINDOWS\System32\combase.dll
0x00007ffd2e800000 - 0x00007ffd2e880000 	C:\WINDOWS\System32\bcryptPrimitives.dll
0x00007ffd2fc20000 - 0x00007ffd2fc4e000 	C:\WINDOWS\System32\IMM32.DLL
0x0000000058110000 - 0x00000000581e2000 	C:\Program Files\Android\Android Studio\jre\jre\bin\msvcr100.dll
0x00000000582f0000 - 0x0000000058b36000 	C:\Program Files\Android\Android Studio\jre\jre\bin\server\jvm.dll
0x00007ffd30470000 - 0x00007ffd30478000 	C:\WINDOWS\System32\PSAPI.DLL
0x00007ffd27780000 - 0x00007ffd2778a000 	C:\WINDOWS\SYSTEM32\VERSION.dll
0x00007ffd2b0a0000 - 0x00007ffd2b0c4000 	C:\WINDOWS\SYSTEM32\WINMM.dll
0x00007ffd16e80000 - 0x00007ffd16e89000 	C:\WINDOWS\SYSTEM32\WSOCK32.dll
0x00007ffd30750000 - 0x00007ffd307bf000 	C:\WINDOWS\System32\WS2_32.dll
0x00007ffd2b070000 - 0x00007ffd2b09d000 	C:\WINDOWS\SYSTEM32\WINMMBASE.dll
0x00007ffd2e630000 - 0x00007ffd2e67a000 	C:\WINDOWS\System32\cfgmgr32.dll
0x00007ffd26c60000 - 0x00007ffd26c6f000 	C:\Program Files\Android\Android Studio\jre\jre\bin\verify.dll
0x00007ffd1cdb0000 - 0x00007ffd1cdd9000 	C:\Program Files\Android\Android Studio\jre\jre\bin\java.dll
0x00007ffd246d0000 - 0x00007ffd246e6000 	C:\Program Files\Android\Android Studio\jre\jre\bin\zip.dll
0x00007ffd2fd20000 - 0x00007ffd30405000 	C:\WINDOWS\System32\SHELL32.dll
0x00007ffd30480000 - 0x00007ffd30529000 	C:\WINDOWS\System32\shcore.dll
0x00007ffd2eee0000 - 0x00007ffd2f660000 	C:\WINDOWS\System32\windows.storage.dll
0x00007ffd2e590000 - 0x00007ffd2e5b3000 	C:\WINDOWS\System32\profapi.dll
0x00007ffd2e5c0000 - 0x00007ffd2e60a000 	C:\WINDOWS\System32\powrprof.dll
0x00007ffd2e540000 - 0x00007ffd2e550000 	C:\WINDOWS\System32\UMPDC.dll
0x00007ffd2fa20000 - 0x00007ffd2fa72000 	C:\WINDOWS\System32\shlwapi.dll
0x00007ffd2e570000 - 0x00007ffd2e581000 	C:\WINDOWS\System32\kernel.appcore.dll
0x00007ffd2e610000 - 0x00007ffd2e627000 	C:\WINDOWS\System32\cryptsp.dll
0x00007ffd1dc70000 - 0x00007ffd1dc8a000 	C:\Program Files\Android\Android Studio\jre\jre\bin\net.dll
0x00007ffd1e770000 - 0x00007ffd1e945000 	C:\WINDOWS\SYSTEM32\urlmon.dll
0x00007ffd1ee50000 - 0x00007ffd1f0f6000 	C:\WINDOWS\SYSTEM32\iertutil.dll
0x00007ffd2df80000 - 0x00007ffd2df8c000 	C:\WINDOWS\SYSTEM32\CRYPTBASE.DLL
0x00007ffd2ddb0000 - 0x00007ffd2de17000 	C:\WINDOWS\system32\mswsock.dll
0x00007ffd1cd90000 - 0x00007ffd1cda3000 	C:\Program Files\Android\Android Studio\jre\jre\bin\nio.dll
0x00007ffd1ec40000 - 0x00007ffd1ec66000 	C:\Users\serhat\.gradle\native\30\windows-amd64\native-platform.dll
0x00007ffd269d0000 - 0x00007ffd269dd000 	C:\Program Files\Android\Android Studio\jre\jre\bin\management.dll
0x00007ffd2d920000 - 0x00007ffd2d953000 	C:\WINDOWS\system32\rsaenh.dll
0x00007ffd2e680000 - 0x00007ffd2e6a6000 	C:\WINDOWS\System32\bcrypt.dll
0x00007ffd2e460000 - 0x00007ffd2e485000 	C:\WINDOWS\SYSTEM32\USERENV.dll
0x00007ffd2dac0000 - 0x00007ffd2dafa000 	C:\WINDOWS\SYSTEM32\IPHLPAPI.DLL
0x00007ffd30cb0000 - 0x00007ffd30cb8000 	C:\WINDOWS\System32\NSI.dll
0x00007ffd25f20000 - 0x00007ffd25f36000 	C:\WINDOWS\SYSTEM32\dhcpcsvc6.DLL
0x00007ffd25ea0000 - 0x00007ffd25ebc000 	C:\WINDOWS\SYSTEM32\dhcpcsvc.DLL
0x00007ffd2db00000 - 0x00007ffd2dbca000 	C:\WINDOWS\SYSTEM32\DNSAPI.dll

VM Arguments:
jvm_args: -Xmx1536m -Dfile.encoding=windows-1252 -Duser.country=US -Duser.language=en -Duser.variant 
java_command: org.gradle.launcher.daemon.bootstrap.GradleDaemon 5.6.4
java_class_path (initial): C:\Users\serhat\.gradle\wrapper\dists\gradle-5.6.4-all\ankdp27end7byghfw1q2sw75f\gradle-5.6.4\lib\gradle-launcher-5.6.4.jar
Launcher Type: SUN_STANDARD

Environment Variables:
PATH=C:\Windows\system32;C:\Windows;C:\Windows\System32\Wbem;C:\Windows\System32\WindowsPowerShell\v1.0\;C:\Windows\System32\OpenSSH\;C:\Program Files (x86)\NVIDIA Corporation\PhysX\Common;C:\Program Files\NVIDIA Corporation\NVIDIA NvDLISR;C:\Program Files\dotnet\;C:\Program Files\Microsoft SQL Server\130\Tools\Binn\;C:\Program Files\Intel\WiFi\bin\;C:\Program Files\Common Files\Intel\WirelessCommon\;C:\Program Files\Git\cmd;C:\WINDOWS\system32;C:\WINDOWS;C:\WINDOWS\System32\Wbem;C:\WINDOWS\System32\WindowsPowerShell\v1.0\;C:\WINDOWS\System32\OpenSSH\;C:\Users\serhat\AppData\Local\Microsoft\WindowsApps;C:\Program Files\Intel\WiFi\bin\;C:\Program Files\Common Files\Intel\WirelessCommon\;
USERNAME=serhat
OS=Windows_NT
PROCESSOR_IDENTIFIER=Intel64 Family 6 Model 94 Stepping 3, GenuineIntel



---------------  S Y S T E M  ---------------

OS: Windows 10.0 , 64 bit Build 18362 (10.0.18362.329)

CPU:total 8 (initial active 8) (4 cores per cpu, 2 threads per core) family 6 model 94 stepping 3, cmov, cx8, fxsr, mmx, sse, sse2, sse3, ssse3, sse4.1, sse4.2, popcnt, avx, avx2, aes, clmul, erms, rtm, 3dnowpref, lzcnt, ht, tsc, tscinvbit, bmi1, bmi2, adx

Memory: 4k page, physical 8233060k(1208584k free), swap 33398884k(5140k free)

vm_info: OpenJDK 64-Bit Server VM (25.212-b04) for windows-amd64 JRE (1.8.0_212-release-1586-b04), built by "builder" with MS VC++ 10.0 (VS2010)

time: Sun Mar 29 23:33:07 2020
timezone: Turkey Standard Time
elapsed time: 3 seconds (0d 0h 0m 3s)

